15-Nov-2019 10:30:20.223 INFO [http-nio-8080-exec-120] org.apache.catalina.startup.HostConfig.undeploy Repli (undeploy) de l'application web ayant pour chemin de contexte [/Spotmimsfy]
15-Nov-2019 10:30:20.270 INFO [http-nio-8080-exec-112] org.apache.catalina.startup.HostConfig.deployDescriptor Déploiement du descripteur de configuration [C:\Users\herme\OneDrive\Documents\école\4IF\WS\Projet_WS\TOMCAT\H4142\conf\Catalina\localhost\Spotmimsfy.xml]
15-Nov-2019 10:30:22.770 INFO [http-nio-8080-exec-112] org.apache.jasper.servlet.TldScanner.scanJars At least one JAR was scanned for TLDs yet contained no TLDs. Enable debug logging for this logger for a complete list of JARs that were scanned but no TLDs were found in them. Skipping unneeded JARs during scanning can improve startup time and JSP compilation time.
15-Nov-2019 10:30:22.778 INFO [http-nio-8080-exec-112] org.apache.catalina.startup.HostConfig.deployDescriptor Deployment of configuration descriptor [C:\Users\herme\OneDrive\Documents\école\4IF\WS\Projet_WS\TOMCAT\H4142\conf\Catalina\localhost\Spotmimsfy.xml] has finished in [2?507] ms
15-Nov-2019 10:30:22.781 INFO [http-nio-8080-exec-121] org.apache.catalina.util.LifecycleBase.start The start() method was called on component [StandardEngine[Catalina].StandardHost[localhost].StandardContext[/Spotmimsfy]] after start() had already been called. The second call will be ignored.
15-Nov-2019 10:40:38.719 INFO [http-nio-8080-exec-130] org.apache.catalina.startup.HostConfig.undeploy Repli (undeploy) de l'application web ayant pour chemin de contexte [/Spotmimsfy]
15-Nov-2019 10:40:38.751 INFO [http-nio-8080-exec-126] org.apache.catalina.startup.HostConfig.deployDescriptor Déploiement du descripteur de configuration [C:\Users\herme\OneDrive\Documents\école\4IF\WS\Projet_WS\TOMCAT\H4142\conf\Catalina\localhost\Spotmimsfy.xml]
15-Nov-2019 10:40:41.036 INFO [http-nio-8080-exec-126] org.apache.jasper.servlet.TldScanner.scanJars At least one JAR was scanned for TLDs yet contained no TLDs. Enable debug logging for this logger for a complete list of JARs that were scanned but no TLDs were found in them. Skipping unneeded JARs during scanning can improve startup time and JSP compilation time.
15-Nov-2019 10:40:41.041 INFO [http-nio-8080-exec-126] org.apache.catalina.startup.HostConfig.deployDescriptor Deployment of configuration descriptor [C:\Users\herme\OneDrive\Documents\école\4IF\WS\Projet_WS\TOMCAT\H4142\conf\Catalina\localhost\Spotmimsfy.xml] has finished in [2?290] ms
15-Nov-2019 10:40:41.044 INFO [http-nio-8080-exec-131] org.apache.catalina.util.LifecycleBase.start The start() method was called on component [StandardEngine[Catalina].StandardHost[localhost].StandardContext[/Spotmimsfy]] after start() had already been called. The second call will be ignored.
15-Nov-2019 11:34:03.254 INFO [http-nio-8080-exec-141] org.apache.catalina.startup.HostConfig.undeploy Repli (undeploy) de l'application web ayant pour chemin de contexte [/Spotmimsfy]
15-Nov-2019 11:34:03.290 INFO [http-nio-8080-exec-138] org.apache.catalina.startup.HostConfig.deployDescriptor Déploiement du descripteur de configuration [C:\Users\herme\OneDrive\Documents\école\4IF\WS\Projet_WS\TOMCAT\H4142\conf\Catalina\localhost\Spotmimsfy.xml]
15-Nov-2019 11:34:05.690 INFO [http-nio-8080-exec-138] org.apache.jasper.servlet.TldScanner.scanJars At least one JAR was scanned for TLDs yet contained no TLDs. Enable debug logging for this logger for a complete list of JARs that were scanned but no TLDs were found in them. Skipping unneeded JARs during scanning can improve startup time and JSP compilation time.
15-Nov-2019 11:34:05.694 INFO [http-nio-8080-exec-138] org.apache.catalina.startup.HostConfig.deployDescriptor Deployment of configuration descriptor [C:\Users\herme\OneDrive\Documents\école\4IF\WS\Projet_WS\TOMCAT\H4142\conf\Catalina\localhost\Spotmimsfy.xml] has finished in [2?404] ms
15-Nov-2019 11:34:05.697 INFO [http-nio-8080-exec-134] org.apache.catalina.util.LifecycleBase.start The start() method was called on component [StandardEngine[Catalina].StandardHost[localhost].StandardContext[/Spotmimsfy]] after start() had already been called. The second call will be ignored.
15-Nov-2019 11:48:41.654 INFO [http-nio-8080-exec-150] org.apache.catalina.startup.HostConfig.undeploy Repli (undeploy) de l'application web ayant pour chemin de contexte [/Spotmimsfy]
15-Nov-2019 11:48:41.699 INFO [http-nio-8080-exec-145] org.apache.catalina.startup.HostConfig.deployDescriptor Déploiement du descripteur de configuration [C:\Users\herme\OneDrive\Documents\école\4IF\WS\Projet_WS\TOMCAT\H4142\conf\Catalina\localhost\Spotmimsfy.xml]
15-Nov-2019 11:48:43.909 INFO [http-nio-8080-exec-145] org.apache.jasper.servlet.TldScanner.scanJars At least one JAR was scanned for TLDs yet contained no TLDs. Enable debug logging for this logger for a complete list of JARs that were scanned but no TLDs were found in them. Skipping unneeded JARs during scanning can improve startup time and JSP compilation time.
15-Nov-2019 11:48:43.914 INFO [http-nio-8080-exec-145] org.apache.catalina.startup.HostConfig.deployDescriptor Deployment of configuration descriptor [C:\Users\herme\OneDrive\Documents\école\4IF\WS\Projet_WS\TOMCAT\H4142\conf\Catalina\localhost\Spotmimsfy.xml] has finished in [2?215] ms
15-Nov-2019 11:48:43.918 INFO [http-nio-8080-exec-149] org.apache.catalina.util.LifecycleBase.start The start() method was called on component [StandardEngine[Catalina].StandardHost[localhost].StandardContext[/Spotmimsfy]] after start() had already been called. The second call will be ignored.
15-Nov-2019 11:51:01.670 INFO [http-nio-8080-exec-160] org.apache.catalina.startup.HostConfig.undeploy Repli (undeploy) de l'application web ayant pour chemin de contexte [/Spotmimsfy]
15-Nov-2019 11:51:01.701 INFO [http-nio-8080-exec-156] org.apache.catalina.startup.HostConfig.deployDescriptor Déploiement du descripteur de configuration [C:\Users\herme\OneDrive\Documents\école\4IF\WS\Projet_WS\TOMCAT\H4142\conf\Catalina\localhost\Spotmimsfy.xml]
15-Nov-2019 11:51:03.988 INFO [http-nio-8080-exec-156] org.apache.jasper.servlet.TldScanner.scanJars At least one JAR was scanned for TLDs yet contained no TLDs. Enable debug logging for this logger for a complete list of JARs that were scanned but no TLDs were found in them. Skipping unneeded JARs during scanning can improve startup time and JSP compilation time.
15-Nov-2019 11:51:03.995 INFO [http-nio-8080-exec-156] org.apache.catalina.startup.HostConfig.deployDescriptor Deployment of configuration descriptor [C:\Users\herme\OneDrive\Documents\école\4IF\WS\Projet_WS\TOMCAT\H4142\conf\Catalina\localhost\Spotmimsfy.xml] has finished in [2?294] ms
15-Nov-2019 11:51:03.998 INFO [http-nio-8080-exec-142] org.apache.catalina.util.LifecycleBase.start The start() method was called on component [StandardEngine[Catalina].StandardHost[localhost].StandardContext[/Spotmimsfy]] after start() had already been called. The second call will be ignored.
15-Nov-2019 11:58:59.993 INFO [http-nio-8080-exec-168] org.apache.catalina.startup.HostConfig.undeploy Repli (undeploy) de l'application web ayant pour chemin de contexte [/Spotmimsfy]
15-Nov-2019 11:59:00.030 INFO [http-nio-8080-exec-170] org.apache.catalina.startup.HostConfig.deployDescriptor Déploiement du descripteur de configuration [C:\Users\herme\OneDrive\Documents\école\4IF\WS\Projet_WS\TOMCAT\H4142\conf\Catalina\localhost\Spotmimsfy.xml]
15-Nov-2019 11:59:02.281 INFO [http-nio-8080-exec-170] org.apache.jasper.servlet.TldScanner.scanJars At least one JAR was scanned for TLDs yet contained no TLDs. Enable debug logging for this logger for a complete list of JARs that were scanned but no TLDs were found in them. Skipping unneeded JARs during scanning can improve startup time and JSP compilation time.
15-Nov-2019 11:59:02.285 INFO [http-nio-8080-exec-170] org.apache.catalina.startup.HostConfig.deployDescriptor Deployment of configuration descriptor [C:\Users\herme\OneDrive\Documents\école\4IF\WS\Projet_WS\TOMCAT\H4142\conf\Catalina\localhost\Spotmimsfy.xml] has finished in [2?255] ms
15-Nov-2019 11:59:02.288 INFO [http-nio-8080-exec-165] org.apache.catalina.util.LifecycleBase.start The start() method was called on component [StandardEngine[Catalina].StandardHost[localhost].StandardContext[/Spotmimsfy]] after start() had already been called. The second call will be ignored.
