14-Nov-2019 09:05:20.696 SEVERE [main] org.apache.catalina.startup.Catalina.initDirs Cannot find specified temporary folder at [C:\Users\herme\OneDrive\Documents\école\4IF\WS\Projet_WS\TOMCAT\H4142\temp]
14-Nov-2019 09:05:21.325 INFO [main] org.apache.catalina.startup.VersionLoggerListener.log Server version:        Apache Tomcat/8.5.29
14-Nov-2019 09:05:21.325 INFO [main] org.apache.catalina.startup.VersionLoggerListener.log Server built:          Mar 5 2018 13:11:12 UTC
14-Nov-2019 09:05:21.326 INFO [main] org.apache.catalina.startup.VersionLoggerListener.log Server number:         8.5.29.0
14-Nov-2019 09:05:21.326 INFO [main] org.apache.catalina.startup.VersionLoggerListener.log OS Name:               Windows 10
14-Nov-2019 09:05:21.326 INFO [main] org.apache.catalina.startup.VersionLoggerListener.log OS Version:            10.0
14-Nov-2019 09:05:21.326 INFO [main] org.apache.catalina.startup.VersionLoggerListener.log Architecture:          amd64
14-Nov-2019 09:05:21.326 INFO [main] org.apache.catalina.startup.VersionLoggerListener.log Java Home:             C:\Program Files\Java\jdk-13
14-Nov-2019 09:05:21.327 INFO [main] org.apache.catalina.startup.VersionLoggerListener.log JVM Version:           13+33
14-Nov-2019 09:05:21.327 INFO [main] org.apache.catalina.startup.VersionLoggerListener.log JVM Vendor:            Oracle Corporation
14-Nov-2019 09:05:21.327 INFO [main] org.apache.catalina.startup.VersionLoggerListener.log CATALINA_BASE:         C:\Users\herme\OneDrive\Documents\école\4IF\WS\Projet_WS\TOMCAT\H4142
14-Nov-2019 09:05:21.327 INFO [main] org.apache.catalina.startup.VersionLoggerListener.log CATALINA_HOME:         C:\Users\herme\OneDrive\Documents\école\4IF\WS\Projet_WS\TOMCAT\apache-tomcat-8.5.29
14-Nov-2019 09:05:21.328 INFO [main] org.apache.catalina.startup.VersionLoggerListener.log Command line argument: --add-opens=java.base/java.lang=ALL-UNNAMED
14-Nov-2019 09:05:21.328 INFO [main] org.apache.catalina.startup.VersionLoggerListener.log Command line argument: --add-opens=java.rmi/sun.rmi.transport=ALL-UNNAMED
14-Nov-2019 09:05:21.328 INFO [main] org.apache.catalina.startup.VersionLoggerListener.log Command line argument: -Djava.util.logging.config.file=C:\Users\herme\OneDrive\Documents\école\4IF\WS\Projet_WS\TOMCAT\H4142\conf\logging.properties
14-Nov-2019 09:05:21.328 INFO [main] org.apache.catalina.startup.VersionLoggerListener.log Command line argument: -Djava.util.logging.manager=org.apache.juli.ClassLoaderLogManager
14-Nov-2019 09:05:21.328 INFO [main] org.apache.catalina.startup.VersionLoggerListener.log Command line argument: -Dhttp.nonProxyHosts=localhost|127.0.0.1|LAPTOP-TMF4AIPV
14-Nov-2019 09:05:21.328 INFO [main] org.apache.catalina.startup.VersionLoggerListener.log Command line argument: -Djdk.tls.ephemeralDHKeySize=2048
14-Nov-2019 09:05:21.328 INFO [main] org.apache.catalina.startup.VersionLoggerListener.log Command line argument: -Djava.protocol.handler.pkgs=org.apache.catalina.webresources
14-Nov-2019 09:05:21.328 INFO [main] org.apache.catalina.startup.VersionLoggerListener.log Command line argument: -Dignore.endorsed.dirs=
14-Nov-2019 09:05:21.329 INFO [main] org.apache.catalina.startup.VersionLoggerListener.log Command line argument: -Dcatalina.base=C:\Users\herme\OneDrive\Documents\école\4IF\WS\Projet_WS\TOMCAT\H4142
14-Nov-2019 09:05:21.329 INFO [main] org.apache.catalina.startup.VersionLoggerListener.log Command line argument: -Dcatalina.home=C:\Users\herme\OneDrive\Documents\école\4IF\WS\Projet_WS\TOMCAT\apache-tomcat-8.5.29
14-Nov-2019 09:05:21.329 INFO [main] org.apache.catalina.startup.VersionLoggerListener.log Command line argument: -Djava.io.tmpdir=C:\Users\herme\OneDrive\Documents\école\4IF\WS\Projet_WS\TOMCAT\H4142\temp
14-Nov-2019 09:05:21.329 INFO [main] org.apache.catalina.core.AprLifecycleListener.lifecycleEvent The APR based Apache Tomcat Native library which allows optimal performance in production environments was not found on the java.library.path: [C:\Program Files\Java\jdk-13\bin;C:\Windows\Sun\Java\bin;C:\Windows\system32;C:\Windows;C:\Windows\system32;C:\Windows;C:\Windows\System32\Wbem;C:\Windows\System32\WindowsPowerShell\v1.0\;C:\Windows\System32\OpenSSH\;C:\Program Files\dotnet\;C:\Program Files\Microsoft SQL Server\130\Tools\Binn\;C:\Program Files\Microsoft SQL Server\Client SDK\ODBC\170\Tools\Binn\;C:\Program Files\nodejs\;C:\Program Files\Git\cmd;C:\Users\herme\AppData\Local\Microsoft\WindowsApps;C:\Users\herme\AppData\Roaming\npm;C:\Users\herme\AppData\Local\Programs\Microsoft VS Code\bin;C:\Program Files\Java\jdk-13\bin;;.]
14-Nov-2019 09:05:21.482 INFO [main] org.apache.coyote.AbstractProtocol.init Initializing ProtocolHandler ["http-nio-8080"]
14-Nov-2019 09:05:21.802 INFO [main] org.apache.tomcat.util.net.NioSelectorPool.getSharedSelector Using a shared selector for servlet write/read
14-Nov-2019 09:05:21.808 INFO [main] org.apache.coyote.AbstractProtocol.init Initializing ProtocolHandler ["ajp-nio-8009"]
14-Nov-2019 09:05:21.810 INFO [main] org.apache.tomcat.util.net.NioSelectorPool.getSharedSelector Using a shared selector for servlet write/read
14-Nov-2019 09:05:21.811 INFO [main] org.apache.catalina.startup.Catalina.load Initialization processed in 1115 ms
14-Nov-2019 09:05:21.886 INFO [main] org.apache.catalina.core.StandardService.startInternal Démarrage du service [Catalina]
14-Nov-2019 09:05:21.886 INFO [main] org.apache.catalina.core.StandardEngine.startInternal Starting Servlet Engine: Apache Tomcat/8.5.29
14-Nov-2019 09:05:21.905 INFO [localhost-startStop-1] org.apache.catalina.startup.HostConfig.deployDescriptor Déploiement du descripteur de configuration [C:\Users\herme\OneDrive\Documents\école\4IF\WS\Projet_WS\TOMCAT\H4142\conf\Catalina\localhost\manager.xml]
14-Nov-2019 09:05:22.446 WARNING [localhost-startStop-1] org.apache.catalina.util.SessionIdGeneratorBase.createSecureRandom Creation of SecureRandom instance for session ID generation using [SHA1PRNG] took [119] milliseconds.
14-Nov-2019 09:05:22.474 INFO [localhost-startStop-1] org.apache.catalina.startup.HostConfig.deployDescriptor Deployment of configuration descriptor [C:\Users\herme\OneDrive\Documents\école\4IF\WS\Projet_WS\TOMCAT\H4142\conf\Catalina\localhost\manager.xml] has finished in [569] ms
14-Nov-2019 09:05:22.474 INFO [localhost-startStop-1] org.apache.catalina.startup.HostConfig.deployDescriptor Déploiement du descripteur de configuration [C:\Users\herme\OneDrive\Documents\école\4IF\WS\Projet_WS\TOMCAT\H4142\conf\Catalina\localhost\ROOT.xml]
14-Nov-2019 09:05:22.520 INFO [localhost-startStop-1] org.apache.catalina.startup.HostConfig.deployDescriptor Deployment of configuration descriptor [C:\Users\herme\OneDrive\Documents\école\4IF\WS\Projet_WS\TOMCAT\H4142\conf\Catalina\localhost\ROOT.xml] has finished in [45] ms
14-Nov-2019 09:05:22.524 INFO [main] org.apache.coyote.AbstractProtocol.start Starting ProtocolHandler ["http-nio-8080"]
14-Nov-2019 09:05:22.537 INFO [main] org.apache.coyote.AbstractProtocol.start Starting ProtocolHandler ["ajp-nio-8009"]
14-Nov-2019 09:05:22.543 INFO [main] org.apache.catalina.startup.Catalina.start Server startup in 732 ms
14-Nov-2019 09:05:25.180 INFO [http-nio-8080-exec-8] org.apache.catalina.startup.HostConfig.deployDescriptor Déploiement du descripteur de configuration [C:\Users\herme\OneDrive\Documents\école\4IF\WS\Projet_WS\TOMCAT\H4142\conf\Catalina\localhost\Spotmimsfy.xml]
14-Nov-2019 09:05:27.513 INFO [http-nio-8080-exec-8] org.apache.jasper.servlet.TldScanner.scanJars At least one JAR was scanned for TLDs yet contained no TLDs. Enable debug logging for this logger for a complete list of JARs that were scanned but no TLDs were found in them. Skipping unneeded JARs during scanning can improve startup time and JSP compilation time.
14-Nov-2019 09:05:27.526 INFO [http-nio-8080-exec-8] org.apache.catalina.startup.HostConfig.deployDescriptor Deployment of configuration descriptor [C:\Users\herme\OneDrive\Documents\école\4IF\WS\Projet_WS\TOMCAT\H4142\conf\Catalina\localhost\Spotmimsfy.xml] has finished in [2?347] ms
14-Nov-2019 09:05:27.531 INFO [http-nio-8080-exec-10] org.apache.catalina.util.LifecycleBase.start The start() method was called on component [StandardEngine[Catalina].StandardHost[localhost].StandardContext[/Spotmimsfy]] after start() had already been called. The second call will be ignored.
14-Nov-2019 10:07:55.471 INFO [http-nio-8080-exec-5] org.apache.catalina.startup.HostConfig.undeploy Repli (undeploy) de l'application web ayant pour chemin de contexte [/Spotmimsfy]
14-Nov-2019 10:09:31.277 INFO [http-nio-8080-exec-8] org.apache.catalina.startup.HostConfig.deployDescriptor Déploiement du descripteur de configuration [C:\Users\herme\OneDrive\Documents\école\4IF\WS\Projet_WS\TOMCAT\H4142\conf\Catalina\localhost\Spotmimsfy.xml]
14-Nov-2019 10:09:34.383 INFO [http-nio-8080-exec-8] org.apache.jasper.servlet.TldScanner.scanJars At least one JAR was scanned for TLDs yet contained no TLDs. Enable debug logging for this logger for a complete list of JARs that were scanned but no TLDs were found in them. Skipping unneeded JARs during scanning can improve startup time and JSP compilation time.
14-Nov-2019 10:09:34.390 INFO [http-nio-8080-exec-8] org.apache.catalina.startup.HostConfig.deployDescriptor Deployment of configuration descriptor [C:\Users\herme\OneDrive\Documents\école\4IF\WS\Projet_WS\TOMCAT\H4142\conf\Catalina\localhost\Spotmimsfy.xml] has finished in [3?112] ms
14-Nov-2019 10:09:34.394 INFO [http-nio-8080-exec-1] org.apache.catalina.util.LifecycleBase.start The start() method was called on component [StandardEngine[Catalina].StandardHost[localhost].StandardContext[/Spotmimsfy]] after start() had already been called. The second call will be ignored.
14-Nov-2019 10:13:15.548 INFO [http-nio-8080-exec-19] org.apache.catalina.startup.HostConfig.undeploy Repli (undeploy) de l'application web ayant pour chemin de contexte [/Spotmimsfy]
14-Nov-2019 10:13:37.469 INFO [http-nio-8080-exec-15] org.apache.catalina.startup.HostConfig.deployDescriptor Déploiement du descripteur de configuration [C:\Users\herme\OneDrive\Documents\école\4IF\WS\Projet_WS\TOMCAT\H4142\conf\Catalina\localhost\Spotmimsfy.xml]
14-Nov-2019 10:13:39.732 INFO [http-nio-8080-exec-15] org.apache.jasper.servlet.TldScanner.scanJars At least one JAR was scanned for TLDs yet contained no TLDs. Enable debug logging for this logger for a complete list of JARs that were scanned but no TLDs were found in them. Skipping unneeded JARs during scanning can improve startup time and JSP compilation time.
14-Nov-2019 10:13:39.737 INFO [http-nio-8080-exec-15] org.apache.catalina.startup.HostConfig.deployDescriptor Deployment of configuration descriptor [C:\Users\herme\OneDrive\Documents\école\4IF\WS\Projet_WS\TOMCAT\H4142\conf\Catalina\localhost\Spotmimsfy.xml] has finished in [2?268] ms
14-Nov-2019 10:13:39.740 INFO [http-nio-8080-exec-16] org.apache.catalina.util.LifecycleBase.start The start() method was called on component [StandardEngine[Catalina].StandardHost[localhost].StandardContext[/Spotmimsfy]] after start() had already been called. The second call will be ignored.
14-Nov-2019 10:36:22.310 INFO [http-nio-8080-exec-23] org.apache.catalina.startup.HostConfig.undeploy Repli (undeploy) de l'application web ayant pour chemin de contexte [/Spotmimsfy]
14-Nov-2019 10:36:47.120 INFO [http-nio-8080-exec-22] org.apache.catalina.startup.HostConfig.deployDescriptor Déploiement du descripteur de configuration [C:\Users\herme\OneDrive\Documents\école\4IF\WS\Projet_WS\TOMCAT\H4142\conf\Catalina\localhost\Spotmimsfy.xml]
14-Nov-2019 10:36:49.132 INFO [http-nio-8080-exec-22] org.apache.jasper.servlet.TldScanner.scanJars At least one JAR was scanned for TLDs yet contained no TLDs. Enable debug logging for this logger for a complete list of JARs that were scanned but no TLDs were found in them. Skipping unneeded JARs during scanning can improve startup time and JSP compilation time.
14-Nov-2019 10:36:49.139 INFO [http-nio-8080-exec-22] org.apache.catalina.startup.HostConfig.deployDescriptor Deployment of configuration descriptor [C:\Users\herme\OneDrive\Documents\école\4IF\WS\Projet_WS\TOMCAT\H4142\conf\Catalina\localhost\Spotmimsfy.xml] has finished in [2?018] ms
14-Nov-2019 10:36:49.143 INFO [http-nio-8080-exec-27] org.apache.catalina.util.LifecycleBase.start The start() method was called on component [StandardEngine[Catalina].StandardHost[localhost].StandardContext[/Spotmimsfy]] after start() had already been called. The second call will be ignored.
14-Nov-2019 11:26:52.983 INFO [http-nio-8080-exec-39] org.apache.catalina.startup.HostConfig.undeploy Repli (undeploy) de l'application web ayant pour chemin de contexte [/Spotmimsfy]
14-Nov-2019 11:27:24.566 INFO [http-nio-8080-exec-40] org.apache.catalina.startup.HostConfig.deployDescriptor Déploiement du descripteur de configuration [C:\Users\herme\OneDrive\Documents\école\4IF\WS\Projet_WS\TOMCAT\H4142\conf\Catalina\localhost\Spotmimsfy.xml]
14-Nov-2019 11:27:26.605 INFO [http-nio-8080-exec-40] org.apache.jasper.servlet.TldScanner.scanJars At least one JAR was scanned for TLDs yet contained no TLDs. Enable debug logging for this logger for a complete list of JARs that were scanned but no TLDs were found in them. Skipping unneeded JARs during scanning can improve startup time and JSP compilation time.
14-Nov-2019 11:27:26.616 INFO [http-nio-8080-exec-40] org.apache.catalina.startup.HostConfig.deployDescriptor Deployment of configuration descriptor [C:\Users\herme\OneDrive\Documents\école\4IF\WS\Projet_WS\TOMCAT\H4142\conf\Catalina\localhost\Spotmimsfy.xml] has finished in [2?049] ms
14-Nov-2019 11:27:26.622 INFO [http-nio-8080-exec-38] org.apache.catalina.util.LifecycleBase.start The start() method was called on component [StandardEngine[Catalina].StandardHost[localhost].StandardContext[/Spotmimsfy]] after start() had already been called. The second call will be ignored.
14-Nov-2019 11:29:39.918 INFO [http-nio-8080-exec-36] org.apache.catalina.startup.HostConfig.undeploy Repli (undeploy) de l'application web ayant pour chemin de contexte [/Spotmimsfy]
14-Nov-2019 11:30:07.780 INFO [http-nio-8080-exec-47] org.apache.catalina.startup.HostConfig.deployDescriptor Déploiement du descripteur de configuration [C:\Users\herme\OneDrive\Documents\école\4IF\WS\Projet_WS\TOMCAT\H4142\conf\Catalina\localhost\Spotmimsfy.xml]
14-Nov-2019 11:30:09.804 INFO [http-nio-8080-exec-47] org.apache.jasper.servlet.TldScanner.scanJars At least one JAR was scanned for TLDs yet contained no TLDs. Enable debug logging for this logger for a complete list of JARs that were scanned but no TLDs were found in them. Skipping unneeded JARs during scanning can improve startup time and JSP compilation time.
14-Nov-2019 11:30:09.808 INFO [http-nio-8080-exec-47] org.apache.catalina.startup.HostConfig.deployDescriptor Deployment of configuration descriptor [C:\Users\herme\OneDrive\Documents\école\4IF\WS\Projet_WS\TOMCAT\H4142\conf\Catalina\localhost\Spotmimsfy.xml] has finished in [2?029] ms
14-Nov-2019 11:30:09.812 INFO [http-nio-8080-exec-43] org.apache.catalina.util.LifecycleBase.start The start() method was called on component [StandardEngine[Catalina].StandardHost[localhost].StandardContext[/Spotmimsfy]] after start() had already been called. The second call will be ignored.
14-Nov-2019 11:51:16.014 INFO [http-nio-8080-exec-58] org.apache.catalina.startup.HostConfig.undeploy Repli (undeploy) de l'application web ayant pour chemin de contexte [/Spotmimsfy]
14-Nov-2019 11:51:40.277 INFO [http-nio-8080-exec-56] org.apache.catalina.startup.HostConfig.deployDescriptor Déploiement du descripteur de configuration [C:\Users\herme\OneDrive\Documents\école\4IF\WS\Projet_WS\TOMCAT\H4142\conf\Catalina\localhost\Spotmimsfy.xml]
14-Nov-2019 11:51:42.379 INFO [http-nio-8080-exec-56] org.apache.jasper.servlet.TldScanner.scanJars At least one JAR was scanned for TLDs yet contained no TLDs. Enable debug logging for this logger for a complete list of JARs that were scanned but no TLDs were found in them. Skipping unneeded JARs during scanning can improve startup time and JSP compilation time.
14-Nov-2019 11:51:42.383 INFO [http-nio-8080-exec-56] org.apache.catalina.startup.HostConfig.deployDescriptor Deployment of configuration descriptor [C:\Users\herme\OneDrive\Documents\école\4IF\WS\Projet_WS\TOMCAT\H4142\conf\Catalina\localhost\Spotmimsfy.xml] has finished in [2?106] ms
14-Nov-2019 11:51:42.386 INFO [http-nio-8080-exec-50] org.apache.catalina.util.LifecycleBase.start The start() method was called on component [StandardEngine[Catalina].StandardHost[localhost].StandardContext[/Spotmimsfy]] after start() had already been called. The second call will be ignored.
14-Nov-2019 11:57:34.301 INFO [http-nio-8080-exec-67] org.apache.catalina.startup.HostConfig.undeploy Repli (undeploy) de l'application web ayant pour chemin de contexte [/Spotmimsfy]
14-Nov-2019 11:57:34.338 INFO [http-nio-8080-exec-64] org.apache.catalina.startup.HostConfig.deployDescriptor Déploiement du descripteur de configuration [C:\Users\herme\OneDrive\Documents\école\4IF\WS\Projet_WS\TOMCAT\H4142\conf\Catalina\localhost\Spotmimsfy.xml]
14-Nov-2019 11:57:36.837 INFO [http-nio-8080-exec-64] org.apache.jasper.servlet.TldScanner.scanJars At least one JAR was scanned for TLDs yet contained no TLDs. Enable debug logging for this logger for a complete list of JARs that were scanned but no TLDs were found in them. Skipping unneeded JARs during scanning can improve startup time and JSP compilation time.
14-Nov-2019 11:57:36.843 INFO [http-nio-8080-exec-64] org.apache.catalina.startup.HostConfig.deployDescriptor Deployment of configuration descriptor [C:\Users\herme\OneDrive\Documents\école\4IF\WS\Projet_WS\TOMCAT\H4142\conf\Catalina\localhost\Spotmimsfy.xml] has finished in [2?505] ms
14-Nov-2019 11:57:36.846 INFO [http-nio-8080-exec-63] org.apache.catalina.util.LifecycleBase.start The start() method was called on component [StandardEngine[Catalina].StandardHost[localhost].StandardContext[/Spotmimsfy]] after start() had already been called. The second call will be ignored.
14-Nov-2019 11:59:40.736 INFO [http-nio-8080-exec-76] org.apache.catalina.startup.HostConfig.undeploy Repli (undeploy) de l'application web ayant pour chemin de contexte [/Spotmimsfy]
14-Nov-2019 11:59:40.770 INFO [http-nio-8080-exec-78] org.apache.catalina.startup.HostConfig.deployDescriptor Déploiement du descripteur de configuration [C:\Users\herme\OneDrive\Documents\école\4IF\WS\Projet_WS\TOMCAT\H4142\conf\Catalina\localhost\Spotmimsfy.xml]
14-Nov-2019 11:59:43.394 INFO [http-nio-8080-exec-78] org.apache.jasper.servlet.TldScanner.scanJars At least one JAR was scanned for TLDs yet contained no TLDs. Enable debug logging for this logger for a complete list of JARs that were scanned but no TLDs were found in them. Skipping unneeded JARs during scanning can improve startup time and JSP compilation time.
14-Nov-2019 11:59:43.399 INFO [http-nio-8080-exec-78] org.apache.catalina.startup.HostConfig.deployDescriptor Deployment of configuration descriptor [C:\Users\herme\OneDrive\Documents\école\4IF\WS\Projet_WS\TOMCAT\H4142\conf\Catalina\localhost\Spotmimsfy.xml] has finished in [2?629] ms
14-Nov-2019 11:59:43.402 INFO [http-nio-8080-exec-72] org.apache.catalina.util.LifecycleBase.start The start() method was called on component [StandardEngine[Catalina].StandardHost[localhost].StandardContext[/Spotmimsfy]] after start() had already been called. The second call will be ignored.
14-Nov-2019 14:39:47.879 INFO [http-nio-8080-exec-89] org.apache.catalina.startup.HostConfig.undeploy Repli (undeploy) de l'application web ayant pour chemin de contexte [/Spotmimsfy]
14-Nov-2019 14:42:22.120 INFO [main] org.apache.catalina.core.StandardServer.await A valid shutdown command was received via the shutdown port. Stopping the Server instance.
14-Nov-2019 14:42:22.121 INFO [main] org.apache.coyote.AbstractProtocol.pause Pausing ProtocolHandler ["http-nio-8080"]
14-Nov-2019 14:42:22.381 INFO [main] org.apache.coyote.AbstractProtocol.pause Pausing ProtocolHandler ["ajp-nio-8009"]
14-Nov-2019 14:42:22.674 INFO [main] org.apache.catalina.core.StandardService.stopInternal Arrêt du service [Catalina]
14-Nov-2019 14:42:22.717 INFO [main] org.apache.coyote.AbstractProtocol.stop Stopping ProtocolHandler ["http-nio-8080"]
14-Nov-2019 14:42:22.720 INFO [main] org.apache.coyote.AbstractProtocol.stop Stopping ProtocolHandler ["ajp-nio-8009"]
14-Nov-2019 14:42:22.723 INFO [main] org.apache.coyote.AbstractProtocol.destroy Destroying ProtocolHandler ["http-nio-8080"]
14-Nov-2019 14:42:22.725 INFO [main] org.apache.coyote.AbstractProtocol.destroy Destroying ProtocolHandler ["ajp-nio-8009"]
14-Nov-2019 14:47:30.883 SEVERE [main] org.apache.catalina.startup.Catalina.initDirs Cannot find specified temporary folder at [C:\Users\herme\OneDrive\Documents\école\4IF\WS\Projet_WS\TOMCAT\H4142\temp]
14-Nov-2019 14:47:31.776 INFO [main] org.apache.catalina.startup.VersionLoggerListener.log Server version:        Apache Tomcat/8.5.29
14-Nov-2019 14:47:31.776 INFO [main] org.apache.catalina.startup.VersionLoggerListener.log Server built:          Mar 5 2018 13:11:12 UTC
14-Nov-2019 14:47:31.777 INFO [main] org.apache.catalina.startup.VersionLoggerListener.log Server number:         8.5.29.0
14-Nov-2019 14:47:31.777 INFO [main] org.apache.catalina.startup.VersionLoggerListener.log OS Name:               Windows 10
14-Nov-2019 14:47:31.777 INFO [main] org.apache.catalina.startup.VersionLoggerListener.log OS Version:            10.0
14-Nov-2019 14:47:31.778 INFO [main] org.apache.catalina.startup.VersionLoggerListener.log Architecture:          amd64
14-Nov-2019 14:47:31.778 INFO [main] org.apache.catalina.startup.VersionLoggerListener.log Java Home:             C:\Program Files\Java\jdk-13
14-Nov-2019 14:47:31.779 INFO [main] org.apache.catalina.startup.VersionLoggerListener.log JVM Version:           13+33
14-Nov-2019 14:47:31.779 INFO [main] org.apache.catalina.startup.VersionLoggerListener.log JVM Vendor:            Oracle Corporation
14-Nov-2019 14:47:31.779 INFO [main] org.apache.catalina.startup.VersionLoggerListener.log CATALINA_BASE:         C:\Users\herme\OneDrive\Documents\école\4IF\WS\Projet_WS\TOMCAT\H4142
14-Nov-2019 14:47:31.779 INFO [main] org.apache.catalina.startup.VersionLoggerListener.log CATALINA_HOME:         C:\Users\herme\OneDrive\Documents\école\4IF\WS\Projet_WS\TOMCAT\apache-tomcat-8.5.29
14-Nov-2019 14:47:31.780 INFO [main] org.apache.catalina.startup.VersionLoggerListener.log Command line argument: --add-opens=java.base/java.lang=ALL-UNNAMED
14-Nov-2019 14:47:31.780 INFO [main] org.apache.catalina.startup.VersionLoggerListener.log Command line argument: --add-opens=java.rmi/sun.rmi.transport=ALL-UNNAMED
14-Nov-2019 14:47:31.781 INFO [main] org.apache.catalina.startup.VersionLoggerListener.log Command line argument: -Djava.util.logging.config.file=C:\Users\herme\OneDrive\Documents\école\4IF\WS\Projet_WS\TOMCAT\H4142\conf\logging.properties
14-Nov-2019 14:47:31.781 INFO [main] org.apache.catalina.startup.VersionLoggerListener.log Command line argument: -Djava.util.logging.manager=org.apache.juli.ClassLoaderLogManager
14-Nov-2019 14:47:31.781 INFO [main] org.apache.catalina.startup.VersionLoggerListener.log Command line argument: -Dhttp.nonProxyHosts=localhost|127.0.0.1|LAPTOP-TMF4AIPV
14-Nov-2019 14:47:31.782 INFO [main] org.apache.catalina.startup.VersionLoggerListener.log Command line argument: -Djdk.tls.ephemeralDHKeySize=2048
14-Nov-2019 14:47:31.782 INFO [main] org.apache.catalina.startup.VersionLoggerListener.log Command line argument: -Djava.protocol.handler.pkgs=org.apache.catalina.webresources
14-Nov-2019 14:47:31.782 INFO [main] org.apache.catalina.startup.VersionLoggerListener.log Command line argument: -Dignore.endorsed.dirs=
14-Nov-2019 14:47:31.783 INFO [main] org.apache.catalina.startup.VersionLoggerListener.log Command line argument: -Dcatalina.base=C:\Users\herme\OneDrive\Documents\école\4IF\WS\Projet_WS\TOMCAT\H4142
14-Nov-2019 14:47:31.783 INFO [main] org.apache.catalina.startup.VersionLoggerListener.log Command line argument: -Dcatalina.home=C:\Users\herme\OneDrive\Documents\école\4IF\WS\Projet_WS\TOMCAT\apache-tomcat-8.5.29
14-Nov-2019 14:47:31.783 INFO [main] org.apache.catalina.startup.VersionLoggerListener.log Command line argument: -Djava.io.tmpdir=C:\Users\herme\OneDrive\Documents\école\4IF\WS\Projet_WS\TOMCAT\H4142\temp
14-Nov-2019 14:47:31.784 INFO [main] org.apache.catalina.core.AprLifecycleListener.lifecycleEvent The APR based Apache Tomcat Native library which allows optimal performance in production environments was not found on the java.library.path: [C:\Program Files\Java\jdk-13\bin;C:\Windows\Sun\Java\bin;C:\Windows\system32;C:\Windows;C:\Windows\system32;C:\Windows;C:\Windows\System32\Wbem;C:\Windows\System32\WindowsPowerShell\v1.0\;C:\Windows\System32\OpenSSH\;C:\Program Files\dotnet\;C:\Program Files\Microsoft SQL Server\130\Tools\Binn\;C:\Program Files\Microsoft SQL Server\Client SDK\ODBC\170\Tools\Binn\;C:\Program Files\nodejs\;C:\Program Files\Git\cmd;C:\Users\herme\AppData\Local\Microsoft\WindowsApps;C:\Users\herme\AppData\Roaming\npm;C:\Users\herme\AppData\Local\Programs\Microsoft VS Code\bin;C:\Program Files\Java\jdk-13\bin;;.]
14-Nov-2019 14:47:31.980 INFO [main] org.apache.coyote.AbstractProtocol.init Initializing ProtocolHandler ["http-nio-8080"]
14-Nov-2019 14:47:32.492 INFO [main] org.apache.tomcat.util.net.NioSelectorPool.getSharedSelector Using a shared selector for servlet write/read
14-Nov-2019 14:47:32.506 INFO [main] org.apache.coyote.AbstractProtocol.init Initializing ProtocolHandler ["ajp-nio-8009"]
14-Nov-2019 14:47:32.510 INFO [main] org.apache.tomcat.util.net.NioSelectorPool.getSharedSelector Using a shared selector for servlet write/read
14-Nov-2019 14:47:32.510 INFO [main] org.apache.catalina.startup.Catalina.load Initialization processed in 1629 ms
14-Nov-2019 14:47:32.633 INFO [main] org.apache.catalina.core.StandardService.startInternal Démarrage du service [Catalina]
14-Nov-2019 14:47:32.633 INFO [main] org.apache.catalina.core.StandardEngine.startInternal Starting Servlet Engine: Apache Tomcat/8.5.29
14-Nov-2019 14:47:32.658 INFO [localhost-startStop-1] org.apache.catalina.startup.HostConfig.deployDescriptor Déploiement du descripteur de configuration [C:\Users\herme\OneDrive\Documents\école\4IF\WS\Projet_WS\TOMCAT\H4142\conf\Catalina\localhost\manager.xml]
14-Nov-2019 14:47:33.468 WARNING [localhost-startStop-1] org.apache.catalina.util.SessionIdGeneratorBase.createSecureRandom Creation of SecureRandom instance for session ID generation using [SHA1PRNG] took [232] milliseconds.
14-Nov-2019 14:47:33.535 INFO [localhost-startStop-1] org.apache.catalina.startup.HostConfig.deployDescriptor Deployment of configuration descriptor [C:\Users\herme\OneDrive\Documents\école\4IF\WS\Projet_WS\TOMCAT\H4142\conf\Catalina\localhost\manager.xml] has finished in [878] ms
14-Nov-2019 14:47:33.536 INFO [localhost-startStop-1] org.apache.catalina.startup.HostConfig.deployDescriptor Déploiement du descripteur de configuration [C:\Users\herme\OneDrive\Documents\école\4IF\WS\Projet_WS\TOMCAT\H4142\conf\Catalina\localhost\ROOT.xml]
14-Nov-2019 14:47:33.632 INFO [localhost-startStop-1] org.apache.catalina.startup.HostConfig.deployDescriptor Deployment of configuration descriptor [C:\Users\herme\OneDrive\Documents\école\4IF\WS\Projet_WS\TOMCAT\H4142\conf\Catalina\localhost\ROOT.xml] has finished in [96] ms
14-Nov-2019 14:47:33.642 INFO [main] org.apache.coyote.AbstractProtocol.start Starting ProtocolHandler ["http-nio-8080"]
14-Nov-2019 14:47:33.683 INFO [main] org.apache.coyote.AbstractProtocol.start Starting ProtocolHandler ["ajp-nio-8009"]
14-Nov-2019 14:47:33.694 INFO [main] org.apache.catalina.startup.Catalina.start Server startup in 1182 ms
14-Nov-2019 14:47:37.979 INFO [http-nio-8080-exec-8] org.apache.catalina.startup.HostConfig.deployDescriptor Déploiement du descripteur de configuration [C:\Users\herme\OneDrive\Documents\école\4IF\WS\Projet_WS\TOMCAT\H4142\conf\Catalina\localhost\Spotmimsfy.xml]
14-Nov-2019 14:47:41.765 INFO [http-nio-8080-exec-8] org.apache.jasper.servlet.TldScanner.scanJars At least one JAR was scanned for TLDs yet contained no TLDs. Enable debug logging for this logger for a complete list of JARs that were scanned but no TLDs were found in them. Skipping unneeded JARs during scanning can improve startup time and JSP compilation time.
14-Nov-2019 14:47:41.783 INFO [http-nio-8080-exec-8] org.apache.catalina.startup.HostConfig.deployDescriptor Deployment of configuration descriptor [C:\Users\herme\OneDrive\Documents\école\4IF\WS\Projet_WS\TOMCAT\H4142\conf\Catalina\localhost\Spotmimsfy.xml] has finished in [3?805] ms
14-Nov-2019 14:47:41.792 INFO [http-nio-8080-exec-3] org.apache.catalina.util.LifecycleBase.start The start() method was called on component [StandardEngine[Catalina].StandardHost[localhost].StandardContext[/Spotmimsfy]] after start() had already been called. The second call will be ignored.
14-Nov-2019 14:51:57.627 INFO [http-nio-8080-exec-9] org.apache.catalina.startup.HostConfig.undeploy Repli (undeploy) de l'application web ayant pour chemin de contexte [/Spotmimsfy]
14-Nov-2019 14:51:57.679 INFO [http-nio-8080-exec-3] org.apache.catalina.startup.HostConfig.deployDescriptor Déploiement du descripteur de configuration [C:\Users\herme\OneDrive\Documents\école\4IF\WS\Projet_WS\TOMCAT\H4142\conf\Catalina\localhost\Spotmimsfy.xml]
14-Nov-2019 14:51:59.989 INFO [http-nio-8080-exec-3] org.apache.jasper.servlet.TldScanner.scanJars At least one JAR was scanned for TLDs yet contained no TLDs. Enable debug logging for this logger for a complete list of JARs that were scanned but no TLDs were found in them. Skipping unneeded JARs during scanning can improve startup time and JSP compilation time.
14-Nov-2019 14:51:59.994 INFO [http-nio-8080-exec-3] org.apache.catalina.startup.HostConfig.deployDescriptor Deployment of configuration descriptor [C:\Users\herme\OneDrive\Documents\école\4IF\WS\Projet_WS\TOMCAT\H4142\conf\Catalina\localhost\Spotmimsfy.xml] has finished in [2?314] ms
14-Nov-2019 14:51:59.997 INFO [http-nio-8080-exec-8] org.apache.catalina.util.LifecycleBase.start The start() method was called on component [StandardEngine[Catalina].StandardHost[localhost].StandardContext[/Spotmimsfy]] after start() had already been called. The second call will be ignored.
14-Nov-2019 15:14:23.704 INFO [http-nio-8080-exec-15] org.apache.catalina.startup.HostConfig.undeploy Repli (undeploy) de l'application web ayant pour chemin de contexte [/Spotmimsfy]
14-Nov-2019 15:14:23.752 INFO [http-nio-8080-exec-14] org.apache.catalina.startup.HostConfig.deployDescriptor Déploiement du descripteur de configuration [C:\Users\herme\OneDrive\Documents\école\4IF\WS\Projet_WS\TOMCAT\H4142\conf\Catalina\localhost\Spotmimsfy.xml]
14-Nov-2019 15:14:26.142 INFO [http-nio-8080-exec-14] org.apache.jasper.servlet.TldScanner.scanJars At least one JAR was scanned for TLDs yet contained no TLDs. Enable debug logging for this logger for a complete list of JARs that were scanned but no TLDs were found in them. Skipping unneeded JARs during scanning can improve startup time and JSP compilation time.
14-Nov-2019 15:14:26.147 INFO [http-nio-8080-exec-14] org.apache.catalina.startup.HostConfig.deployDescriptor Deployment of configuration descriptor [C:\Users\herme\OneDrive\Documents\école\4IF\WS\Projet_WS\TOMCAT\H4142\conf\Catalina\localhost\Spotmimsfy.xml] has finished in [2?396] ms
14-Nov-2019 15:14:26.151 INFO [http-nio-8080-exec-13] org.apache.catalina.util.LifecycleBase.start The start() method was called on component [StandardEngine[Catalina].StandardHost[localhost].StandardContext[/Spotmimsfy]] after start() had already been called. The second call will be ignored.
14-Nov-2019 15:24:12.315 INFO [http-nio-8080-exec-25] org.apache.catalina.startup.HostConfig.undeploy Repli (undeploy) de l'application web ayant pour chemin de contexte [/Spotmimsfy]
14-Nov-2019 15:24:12.348 INFO [http-nio-8080-exec-28] org.apache.catalina.startup.HostConfig.deployDescriptor Déploiement du descripteur de configuration [C:\Users\herme\OneDrive\Documents\école\4IF\WS\Projet_WS\TOMCAT\H4142\conf\Catalina\localhost\Spotmimsfy.xml]
14-Nov-2019 15:24:14.654 INFO [http-nio-8080-exec-28] org.apache.jasper.servlet.TldScanner.scanJars At least one JAR was scanned for TLDs yet contained no TLDs. Enable debug logging for this logger for a complete list of JARs that were scanned but no TLDs were found in them. Skipping unneeded JARs during scanning can improve startup time and JSP compilation time.
14-Nov-2019 15:24:14.660 INFO [http-nio-8080-exec-28] org.apache.catalina.startup.HostConfig.deployDescriptor Deployment of configuration descriptor [C:\Users\herme\OneDrive\Documents\école\4IF\WS\Projet_WS\TOMCAT\H4142\conf\Catalina\localhost\Spotmimsfy.xml] has finished in [2?312] ms
14-Nov-2019 15:24:14.664 INFO [http-nio-8080-exec-29] org.apache.catalina.util.LifecycleBase.start The start() method was called on component [StandardEngine[Catalina].StandardHost[localhost].StandardContext[/Spotmimsfy]] after start() had already been called. The second call will be ignored.
14-Nov-2019 15:24:55.813 INFO [http-nio-8080-exec-29] org.apache.catalina.startup.HostConfig.undeploy Repli (undeploy) de l'application web ayant pour chemin de contexte [/Spotmimsfy]
14-Nov-2019 15:24:55.839 INFO [http-nio-8080-exec-23] org.apache.catalina.startup.HostConfig.deployDescriptor Déploiement du descripteur de configuration [C:\Users\herme\OneDrive\Documents\école\4IF\WS\Projet_WS\TOMCAT\H4142\conf\Catalina\localhost\Spotmimsfy.xml]
14-Nov-2019 15:24:57.881 INFO [http-nio-8080-exec-23] org.apache.jasper.servlet.TldScanner.scanJars At least one JAR was scanned for TLDs yet contained no TLDs. Enable debug logging for this logger for a complete list of JARs that were scanned but no TLDs were found in them. Skipping unneeded JARs during scanning can improve startup time and JSP compilation time.
14-Nov-2019 15:24:57.885 INFO [http-nio-8080-exec-23] org.apache.catalina.startup.HostConfig.deployDescriptor Deployment of configuration descriptor [C:\Users\herme\OneDrive\Documents\école\4IF\WS\Projet_WS\TOMCAT\H4142\conf\Catalina\localhost\Spotmimsfy.xml] has finished in [2?047] ms
14-Nov-2019 15:24:57.888 INFO [http-nio-8080-exec-33] org.apache.catalina.util.LifecycleBase.start The start() method was called on component [StandardEngine[Catalina].StandardHost[localhost].StandardContext[/Spotmimsfy]] after start() had already been called. The second call will be ignored.
14-Nov-2019 15:27:32.803 INFO [http-nio-8080-exec-44] org.apache.catalina.startup.HostConfig.undeploy Repli (undeploy) de l'application web ayant pour chemin de contexte [/Spotmimsfy]
14-Nov-2019 15:27:32.837 INFO [http-nio-8080-exec-40] org.apache.catalina.startup.HostConfig.deployDescriptor Déploiement du descripteur de configuration [C:\Users\herme\OneDrive\Documents\école\4IF\WS\Projet_WS\TOMCAT\H4142\conf\Catalina\localhost\Spotmimsfy.xml]
14-Nov-2019 15:27:35.405 INFO [http-nio-8080-exec-40] org.apache.jasper.servlet.TldScanner.scanJars At least one JAR was scanned for TLDs yet contained no TLDs. Enable debug logging for this logger for a complete list of JARs that were scanned but no TLDs were found in them. Skipping unneeded JARs during scanning can improve startup time and JSP compilation time.
14-Nov-2019 15:27:35.410 INFO [http-nio-8080-exec-40] org.apache.catalina.startup.HostConfig.deployDescriptor Deployment of configuration descriptor [C:\Users\herme\OneDrive\Documents\école\4IF\WS\Projet_WS\TOMCAT\H4142\conf\Catalina\localhost\Spotmimsfy.xml] has finished in [2?572] ms
14-Nov-2019 15:27:35.413 INFO [http-nio-8080-exec-39] org.apache.catalina.util.LifecycleBase.start The start() method was called on component [StandardEngine[Catalina].StandardHost[localhost].StandardContext[/Spotmimsfy]] after start() had already been called. The second call will be ignored.
14-Nov-2019 16:24:30.519 INFO [http-nio-8080-exec-45] org.apache.catalina.startup.HostConfig.undeploy Repli (undeploy) de l'application web ayant pour chemin de contexte [/Spotmimsfy]
14-Nov-2019 16:24:30.547 INFO [http-nio-8080-exec-48] org.apache.catalina.startup.HostConfig.deployDescriptor Déploiement du descripteur de configuration [C:\Users\herme\OneDrive\Documents\école\4IF\WS\Projet_WS\TOMCAT\H4142\conf\Catalina\localhost\Spotmimsfy.xml]
14-Nov-2019 16:24:33.623 INFO [http-nio-8080-exec-48] org.apache.jasper.servlet.TldScanner.scanJars At least one JAR was scanned for TLDs yet contained no TLDs. Enable debug logging for this logger for a complete list of JARs that were scanned but no TLDs were found in them. Skipping unneeded JARs during scanning can improve startup time and JSP compilation time.
14-Nov-2019 16:24:33.632 INFO [http-nio-8080-exec-48] org.apache.catalina.startup.HostConfig.deployDescriptor Deployment of configuration descriptor [C:\Users\herme\OneDrive\Documents\école\4IF\WS\Projet_WS\TOMCAT\H4142\conf\Catalina\localhost\Spotmimsfy.xml] has finished in [3?084] ms
14-Nov-2019 16:24:33.637 INFO [http-nio-8080-exec-51] org.apache.catalina.util.LifecycleBase.start The start() method was called on component [StandardEngine[Catalina].StandardHost[localhost].StandardContext[/Spotmimsfy]] after start() had already been called. The second call will be ignored.
14-Nov-2019 16:27:11.407 INFO [http-nio-8080-exec-61] org.apache.catalina.startup.HostConfig.undeploy Repli (undeploy) de l'application web ayant pour chemin de contexte [/Spotmimsfy]
14-Nov-2019 16:27:11.440 INFO [http-nio-8080-exec-59] org.apache.catalina.startup.HostConfig.deployDescriptor Déploiement du descripteur de configuration [C:\Users\herme\OneDrive\Documents\école\4IF\WS\Projet_WS\TOMCAT\H4142\conf\Catalina\localhost\Spotmimsfy.xml]
14-Nov-2019 16:27:13.478 INFO [http-nio-8080-exec-59] org.apache.jasper.servlet.TldScanner.scanJars At least one JAR was scanned for TLDs yet contained no TLDs. Enable debug logging for this logger for a complete list of JARs that were scanned but no TLDs were found in them. Skipping unneeded JARs during scanning can improve startup time and JSP compilation time.
14-Nov-2019 16:27:13.483 INFO [http-nio-8080-exec-59] org.apache.catalina.startup.HostConfig.deployDescriptor Deployment of configuration descriptor [C:\Users\herme\OneDrive\Documents\école\4IF\WS\Projet_WS\TOMCAT\H4142\conf\Catalina\localhost\Spotmimsfy.xml] has finished in [2?042] ms
14-Nov-2019 16:27:13.486 INFO [http-nio-8080-exec-58] org.apache.catalina.util.LifecycleBase.start The start() method was called on component [StandardEngine[Catalina].StandardHost[localhost].StandardContext[/Spotmimsfy]] after start() had already been called. The second call will be ignored.
14-Nov-2019 16:35:09.259 INFO [http-nio-8080-exec-70] org.apache.catalina.startup.HostConfig.undeploy Repli (undeploy) de l'application web ayant pour chemin de contexte [/Spotmimsfy]
14-Nov-2019 16:35:09.281 INFO [http-nio-8080-exec-72] org.apache.catalina.startup.HostConfig.deployDescriptor Déploiement du descripteur de configuration [C:\Users\herme\OneDrive\Documents\école\4IF\WS\Projet_WS\TOMCAT\H4142\conf\Catalina\localhost\Spotmimsfy.xml]
14-Nov-2019 16:35:11.185 INFO [http-nio-8080-exec-72] org.apache.jasper.servlet.TldScanner.scanJars At least one JAR was scanned for TLDs yet contained no TLDs. Enable debug logging for this logger for a complete list of JARs that were scanned but no TLDs were found in them. Skipping unneeded JARs during scanning can improve startup time and JSP compilation time.
14-Nov-2019 16:35:11.190 INFO [http-nio-8080-exec-72] org.apache.catalina.startup.HostConfig.deployDescriptor Deployment of configuration descriptor [C:\Users\herme\OneDrive\Documents\école\4IF\WS\Projet_WS\TOMCAT\H4142\conf\Catalina\localhost\Spotmimsfy.xml] has finished in [1?909] ms
14-Nov-2019 16:35:11.193 INFO [http-nio-8080-exec-68] org.apache.catalina.util.LifecycleBase.start The start() method was called on component [StandardEngine[Catalina].StandardHost[localhost].StandardContext[/Spotmimsfy]] after start() had already been called. The second call will be ignored.
