13-Nov-2019 09:34:51.482 INFO [main] org.apache.catalina.startup.VersionLoggerListener.log Server version:        Apache Tomcat/8.5.29
13-Nov-2019 09:34:51.487 INFO [main] org.apache.catalina.startup.VersionLoggerListener.log Server built:          Mar 5 2018 13:11:12 UTC
13-Nov-2019 09:34:51.487 INFO [main] org.apache.catalina.startup.VersionLoggerListener.log Server number:         8.5.29.0
13-Nov-2019 09:34:51.487 INFO [main] org.apache.catalina.startup.VersionLoggerListener.log OS Name:               Windows 10
13-Nov-2019 09:34:51.488 INFO [main] org.apache.catalina.startup.VersionLoggerListener.log OS Version:            10.0
13-Nov-2019 09:34:51.488 INFO [main] org.apache.catalina.startup.VersionLoggerListener.log Architecture:          amd64
13-Nov-2019 09:34:51.488 INFO [main] org.apache.catalina.startup.VersionLoggerListener.log Java Home:             C:\Program Files\Java\jdk-13
13-Nov-2019 09:34:51.488 INFO [main] org.apache.catalina.startup.VersionLoggerListener.log JVM Version:           13+33
13-Nov-2019 09:34:51.489 INFO [main] org.apache.catalina.startup.VersionLoggerListener.log JVM Vendor:            Oracle Corporation
13-Nov-2019 09:34:51.489 INFO [main] org.apache.catalina.startup.VersionLoggerListener.log CATALINA_BASE:         C:\Users\herme\OneDrive\Documents\école\4IF\WS\Projet_WS\TOMCAT\H4142
13-Nov-2019 09:34:51.489 INFO [main] org.apache.catalina.startup.VersionLoggerListener.log CATALINA_HOME:         C:\Users\herme\OneDrive\Documents\école\4IF\WS\Projet_WS\TOMCAT\apache-tomcat-8.5.29
13-Nov-2019 09:34:51.490 INFO [main] org.apache.catalina.startup.VersionLoggerListener.log Command line argument: --add-opens=java.base/java.lang=ALL-UNNAMED
13-Nov-2019 09:34:51.491 INFO [main] org.apache.catalina.startup.VersionLoggerListener.log Command line argument: --add-opens=java.rmi/sun.rmi.transport=ALL-UNNAMED
13-Nov-2019 09:34:51.491 INFO [main] org.apache.catalina.startup.VersionLoggerListener.log Command line argument: -Djava.util.logging.config.file=C:\Users\herme\OneDrive\Documents\école\4IF\WS\Projet_WS\TOMCAT\H4142\conf\logging.properties
13-Nov-2019 09:34:51.491 INFO [main] org.apache.catalina.startup.VersionLoggerListener.log Command line argument: -Djava.util.logging.manager=org.apache.juli.ClassLoaderLogManager
13-Nov-2019 09:34:51.491 INFO [main] org.apache.catalina.startup.VersionLoggerListener.log Command line argument: -Dhttp.nonProxyHosts=localhost|127.0.0.1|LAPTOP-TMF4AIPV
13-Nov-2019 09:34:51.491 INFO [main] org.apache.catalina.startup.VersionLoggerListener.log Command line argument: -Djdk.tls.ephemeralDHKeySize=2048
13-Nov-2019 09:34:51.491 INFO [main] org.apache.catalina.startup.VersionLoggerListener.log Command line argument: -Djava.protocol.handler.pkgs=org.apache.catalina.webresources
13-Nov-2019 09:34:51.492 INFO [main] org.apache.catalina.startup.VersionLoggerListener.log Command line argument: -Dignore.endorsed.dirs=
13-Nov-2019 09:34:51.492 INFO [main] org.apache.catalina.startup.VersionLoggerListener.log Command line argument: -Dcatalina.base=C:\Users\herme\OneDrive\Documents\école\4IF\WS\Projet_WS\TOMCAT\H4142
13-Nov-2019 09:34:51.492 INFO [main] org.apache.catalina.startup.VersionLoggerListener.log Command line argument: -Dcatalina.home=C:\Users\herme\OneDrive\Documents\école\4IF\WS\Projet_WS\TOMCAT\apache-tomcat-8.5.29
13-Nov-2019 09:34:51.492 INFO [main] org.apache.catalina.startup.VersionLoggerListener.log Command line argument: -Djava.io.tmpdir=C:\Users\herme\OneDrive\Documents\école\4IF\WS\Projet_WS\TOMCAT\H4142\temp
13-Nov-2019 09:34:51.492 INFO [main] org.apache.catalina.core.AprLifecycleListener.lifecycleEvent The APR based Apache Tomcat Native library which allows optimal performance in production environments was not found on the java.library.path: [C:\Program Files\Java\jdk-13\bin;C:\Windows\Sun\Java\bin;C:\Windows\system32;C:\Windows;C:\Windows\system32;C:\Windows;C:\Windows\System32\Wbem;C:\Windows\System32\WindowsPowerShell\v1.0\;C:\Windows\System32\OpenSSH\;C:\Program Files\dotnet\;C:\Program Files\Microsoft SQL Server\130\Tools\Binn\;C:\Program Files\Microsoft SQL Server\Client SDK\ODBC\170\Tools\Binn\;C:\Program Files\nodejs\;C:\Program Files\Git\cmd;C:\Users\herme\AppData\Local\Microsoft\WindowsApps;C:\Users\herme\AppData\Roaming\npm;C:\Users\herme\AppData\Local\Programs\Microsoft VS Code\bin;C:\Program Files\Java\jdk-13\bin;;.]
13-Nov-2019 09:34:51.686 INFO [main] org.apache.coyote.AbstractProtocol.init Initializing ProtocolHandler ["http-nio-8080"]
13-Nov-2019 09:34:52.151 INFO [main] org.apache.tomcat.util.net.NioSelectorPool.getSharedSelector Using a shared selector for servlet write/read
13-Nov-2019 09:34:52.159 INFO [main] org.apache.coyote.AbstractProtocol.init Initializing ProtocolHandler ["ajp-nio-8009"]
13-Nov-2019 09:34:52.159 INFO [main] org.apache.tomcat.util.net.NioSelectorPool.getSharedSelector Using a shared selector for servlet write/read
13-Nov-2019 09:34:52.163 INFO [main] org.apache.catalina.startup.Catalina.load Initialization processed in 1591 ms
13-Nov-2019 09:34:52.246 INFO [main] org.apache.catalina.core.StandardService.startInternal Démarrage du service [Catalina]
13-Nov-2019 09:34:52.246 INFO [main] org.apache.catalina.core.StandardEngine.startInternal Starting Servlet Engine: Apache Tomcat/8.5.29
13-Nov-2019 09:34:52.266 INFO [localhost-startStop-1] org.apache.catalina.startup.HostConfig.deployDescriptor Déploiement du descripteur de configuration [C:\Users\herme\OneDrive\Documents\école\4IF\WS\Projet_WS\TOMCAT\H4142\conf\Catalina\localhost\manager.xml]
13-Nov-2019 09:34:53.051 WARNING [localhost-startStop-1] org.apache.catalina.util.SessionIdGeneratorBase.createSecureRandom Creation of SecureRandom instance for session ID generation using [SHA1PRNG] took [212] milliseconds.
13-Nov-2019 09:34:53.096 INFO [localhost-startStop-1] org.apache.catalina.startup.HostConfig.deployDescriptor Deployment of configuration descriptor [C:\Users\herme\OneDrive\Documents\école\4IF\WS\Projet_WS\TOMCAT\H4142\conf\Catalina\localhost\manager.xml] has finished in [830] ms
13-Nov-2019 09:34:53.100 INFO [localhost-startStop-1] org.apache.catalina.startup.HostConfig.deployDescriptor Déploiement du descripteur de configuration [C:\Users\herme\OneDrive\Documents\école\4IF\WS\Projet_WS\TOMCAT\H4142\conf\Catalina\localhost\ROOT.xml]
13-Nov-2019 09:34:53.196 INFO [localhost-startStop-1] org.apache.catalina.startup.HostConfig.deployDescriptor Deployment of configuration descriptor [C:\Users\herme\OneDrive\Documents\école\4IF\WS\Projet_WS\TOMCAT\H4142\conf\Catalina\localhost\ROOT.xml] has finished in [100] ms
13-Nov-2019 09:34:53.208 INFO [main] org.apache.coyote.AbstractProtocol.start Starting ProtocolHandler ["http-nio-8080"]
13-Nov-2019 09:34:53.234 INFO [main] org.apache.coyote.AbstractProtocol.start Starting ProtocolHandler ["ajp-nio-8009"]
13-Nov-2019 09:34:53.244 INFO [main] org.apache.catalina.startup.Catalina.start Server startup in 1081 ms
13-Nov-2019 09:35:23.303 INFO [http-nio-8080-exec-10] org.apache.catalina.startup.HostConfig.deployDescriptor Déploiement du descripteur de configuration [C:\Users\herme\OneDrive\Documents\école\4IF\WS\Projet_WS\TOMCAT\H4142\conf\Catalina\localhost\Spotmimsfy.xml]
13-Nov-2019 09:35:23.366 INFO [http-nio-8080-exec-10] org.apache.catalina.startup.HostConfig.deployDescriptor Deployment of configuration descriptor [C:\Users\herme\OneDrive\Documents\école\4IF\WS\Projet_WS\TOMCAT\H4142\conf\Catalina\localhost\Spotmimsfy.xml] has finished in [64] ms
13-Nov-2019 09:35:23.371 INFO [http-nio-8080-exec-8] org.apache.catalina.util.LifecycleBase.start The start() method was called on component [StandardEngine[Catalina].StandardHost[localhost].StandardContext[/Spotmimsfy]] after start() had already been called. The second call will be ignored.
13-Nov-2019 09:35:59.425 INFO [http-nio-8080-exec-3] org.apache.catalina.startup.HostConfig.undeploy Repli (undeploy) de l'application web ayant pour chemin de contexte [/Spotmimsfy]
13-Nov-2019 09:36:16.794 INFO [http-nio-8080-exec-10] org.apache.catalina.startup.HostConfig.deployDescriptor Déploiement du descripteur de configuration [C:\Users\herme\OneDrive\Documents\école\4IF\WS\Projet_WS\TOMCAT\H4142\conf\Catalina\localhost\Spotmimsfy.xml]
13-Nov-2019 09:36:16.919 INFO [http-nio-8080-exec-10] org.apache.catalina.startup.HostConfig.deployDescriptor Deployment of configuration descriptor [C:\Users\herme\OneDrive\Documents\école\4IF\WS\Projet_WS\TOMCAT\H4142\conf\Catalina\localhost\Spotmimsfy.xml] has finished in [125] ms
13-Nov-2019 09:36:16.928 INFO [http-nio-8080-exec-6] org.apache.catalina.util.LifecycleBase.start The start() method was called on component [StandardEngine[Catalina].StandardHost[localhost].StandardContext[/Spotmimsfy]] after start() had already been called. The second call will be ignored.
13-Nov-2019 10:22:18.612 INFO [http-nio-8080-exec-13] org.apache.catalina.startup.HostConfig.undeploy Repli (undeploy) de l'application web ayant pour chemin de contexte [/Spotmimsfy]
13-Nov-2019 10:22:52.106 INFO [http-nio-8080-exec-15] org.apache.catalina.startup.HostConfig.deployDescriptor Déploiement du descripteur de configuration [C:\Users\herme\OneDrive\Documents\école\4IF\WS\Projet_WS\TOMCAT\H4142\conf\Catalina\localhost\Spotmimsfy.xml]
13-Nov-2019 10:22:52.226 INFO [http-nio-8080-exec-15] org.apache.catalina.startup.HostConfig.deployDescriptor Deployment of configuration descriptor [C:\Users\herme\OneDrive\Documents\école\4IF\WS\Projet_WS\TOMCAT\H4142\conf\Catalina\localhost\Spotmimsfy.xml] has finished in [120] ms
13-Nov-2019 10:22:52.233 INFO [http-nio-8080-exec-18] org.apache.catalina.util.LifecycleBase.start The start() method was called on component [StandardEngine[Catalina].StandardHost[localhost].StandardContext[/Spotmimsfy]] after start() had already been called. The second call will be ignored.
13-Nov-2019 10:52:26.309 INFO [http-nio-8080-exec-30] org.apache.catalina.startup.HostConfig.undeploy Repli (undeploy) de l'application web ayant pour chemin de contexte [/Spotmimsfy]
13-Nov-2019 10:52:56.661 INFO [http-nio-8080-exec-23] org.apache.catalina.startup.HostConfig.deployDescriptor Déploiement du descripteur de configuration [C:\Users\herme\OneDrive\Documents\école\4IF\WS\Projet_WS\TOMCAT\H4142\conf\Catalina\localhost\Spotmimsfy.xml]
13-Nov-2019 10:52:56.787 INFO [http-nio-8080-exec-23] org.apache.catalina.startup.HostConfig.deployDescriptor Deployment of configuration descriptor [C:\Users\herme\OneDrive\Documents\école\4IF\WS\Projet_WS\TOMCAT\H4142\conf\Catalina\localhost\Spotmimsfy.xml] has finished in [122] ms
13-Nov-2019 10:52:56.794 INFO [http-nio-8080-exec-27] org.apache.catalina.util.LifecycleBase.start The start() method was called on component [StandardEngine[Catalina].StandardHost[localhost].StandardContext[/Spotmimsfy]] after start() had already been called. The second call will be ignored.
13-Nov-2019 10:58:51.939 INFO [http-nio-8080-exec-39] org.apache.catalina.startup.HostConfig.undeploy Repli (undeploy) de l'application web ayant pour chemin de contexte [/Spotmimsfy]
13-Nov-2019 11:32:43.722 INFO [http-nio-8080-exec-43] org.apache.catalina.startup.HostConfig.deployDescriptor Déploiement du descripteur de configuration [C:\Users\herme\OneDrive\Documents\école\4IF\WS\Projet_WS\TOMCAT\H4142\conf\Catalina\localhost\Spotmimsfy.xml]
13-Nov-2019 11:32:47.908 INFO [http-nio-8080-exec-43] org.apache.jasper.servlet.TldScanner.scanJars At least one JAR was scanned for TLDs yet contained no TLDs. Enable debug logging for this logger for a complete list of JARs that were scanned but no TLDs were found in them. Skipping unneeded JARs during scanning can improve startup time and JSP compilation time.
13-Nov-2019 11:32:47.929 INFO [http-nio-8080-exec-43] org.apache.catalina.startup.HostConfig.deployDescriptor Deployment of configuration descriptor [C:\Users\herme\OneDrive\Documents\école\4IF\WS\Projet_WS\TOMCAT\H4142\conf\Catalina\localhost\Spotmimsfy.xml] has finished in [4?208] ms
13-Nov-2019 11:32:47.935 INFO [http-nio-8080-exec-44] org.apache.catalina.util.LifecycleBase.start The start() method was called on component [StandardEngine[Catalina].StandardHost[localhost].StandardContext[/Spotmimsfy]] after start() had already been called. The second call will be ignored.
13-Nov-2019 11:40:42.873 INFO [main] org.apache.catalina.core.StandardServer.await A valid shutdown command was received via the shutdown port. Stopping the Server instance.
13-Nov-2019 11:40:42.880 INFO [main] org.apache.coyote.AbstractProtocol.pause Pausing ProtocolHandler ["http-nio-8080"]
13-Nov-2019 11:40:43.125 INFO [main] org.apache.coyote.AbstractProtocol.pause Pausing ProtocolHandler ["ajp-nio-8009"]
13-Nov-2019 11:40:43.392 INFO [main] org.apache.catalina.core.StandardService.stopInternal Arrêt du service [Catalina]
13-Nov-2019 11:40:43.473 INFO [main] org.apache.coyote.AbstractProtocol.stop Stopping ProtocolHandler ["http-nio-8080"]
13-Nov-2019 11:40:43.477 INFO [main] org.apache.coyote.AbstractProtocol.stop Stopping ProtocolHandler ["ajp-nio-8009"]
13-Nov-2019 11:40:43.483 INFO [main] org.apache.coyote.AbstractProtocol.destroy Destroying ProtocolHandler ["http-nio-8080"]
13-Nov-2019 11:40:43.486 INFO [main] org.apache.coyote.AbstractProtocol.destroy Destroying ProtocolHandler ["ajp-nio-8009"]
