20-Nov-2019 08:10:23.083 GRAVE [main] org.apache.catalina.startup.Catalina.initDirs Cannot find specified temporary folder at [H:\Mes documents\WebCiment\Projet_WS\TOMCAT\H4142\temp]
20-Nov-2019 08:10:23.629 INFOS [main] org.apache.catalina.startup.VersionLoggerListener.log Server version:        Apache Tomcat/8.5.29
20-Nov-2019 08:10:23.630 INFOS [main] org.apache.catalina.startup.VersionLoggerListener.log Server built:          Mar 5 2018 13:11:12 UTC
20-Nov-2019 08:10:23.630 INFOS [main] org.apache.catalina.startup.VersionLoggerListener.log Server number:         8.5.29.0
20-Nov-2019 08:10:23.630 INFOS [main] org.apache.catalina.startup.VersionLoggerListener.log OS Name:               Windows 10
20-Nov-2019 08:10:23.630 INFOS [main] org.apache.catalina.startup.VersionLoggerListener.log OS Version:            10.0
20-Nov-2019 08:10:23.630 INFOS [main] org.apache.catalina.startup.VersionLoggerListener.log Architecture:          amd64
20-Nov-2019 08:10:23.630 INFOS [main] org.apache.catalina.startup.VersionLoggerListener.log Java Home:             C:\Program Files\Java\jdk1.8.0_144\jre
20-Nov-2019 08:10:23.630 INFOS [main] org.apache.catalina.startup.VersionLoggerListener.log JVM Version:           1.8.0_144-b01
20-Nov-2019 08:10:23.630 INFOS [main] org.apache.catalina.startup.VersionLoggerListener.log JVM Vendor:            Oracle Corporation
20-Nov-2019 08:10:23.630 INFOS [main] org.apache.catalina.startup.VersionLoggerListener.log CATALINA_BASE:         H:\Mes documents\WebCiment\Projet_WS\TOMCAT\H4142
20-Nov-2019 08:10:23.630 INFOS [main] org.apache.catalina.startup.VersionLoggerListener.log CATALINA_HOME:         H:\Mes documents\WebCiment\Projet_WS\TOMCAT\apache-tomcat-8.5.29
20-Nov-2019 08:10:23.630 INFOS [main] org.apache.catalina.startup.VersionLoggerListener.log Command line argument: -Djava.util.logging.config.file=H:\Mes documents\WebCiment\Projet_WS\TOMCAT\H4142\conf\logging.properties
20-Nov-2019 08:10:23.630 INFOS [main] org.apache.catalina.startup.VersionLoggerListener.log Command line argument: -Djava.util.logging.manager=org.apache.juli.ClassLoaderLogManager
20-Nov-2019 08:10:23.630 INFOS [main] org.apache.catalina.startup.VersionLoggerListener.log Command line argument: -Dhttp.nonProxyHosts=localhost|127.0.0.1|IF501-204-10
20-Nov-2019 08:10:23.630 INFOS [main] org.apache.catalina.startup.VersionLoggerListener.log Command line argument: -Djdk.tls.ephemeralDHKeySize=2048
20-Nov-2019 08:10:23.630 INFOS [main] org.apache.catalina.startup.VersionLoggerListener.log Command line argument: -Djava.protocol.handler.pkgs=org.apache.catalina.webresources
20-Nov-2019 08:10:23.630 INFOS [main] org.apache.catalina.startup.VersionLoggerListener.log Command line argument: -Dignore.endorsed.dirs=
20-Nov-2019 08:10:23.631 INFOS [main] org.apache.catalina.startup.VersionLoggerListener.log Command line argument: -Dcatalina.base=H:\Mes documents\WebCiment\Projet_WS\TOMCAT\H4142
20-Nov-2019 08:10:23.631 INFOS [main] org.apache.catalina.startup.VersionLoggerListener.log Command line argument: -Dcatalina.home=H:\Mes documents\WebCiment\Projet_WS\TOMCAT\apache-tomcat-8.5.29
20-Nov-2019 08:10:23.631 INFOS [main] org.apache.catalina.startup.VersionLoggerListener.log Command line argument: -Djava.io.tmpdir=H:\Mes documents\WebCiment\Projet_WS\TOMCAT\H4142\temp
20-Nov-2019 08:10:23.631 INFOS [main] org.apache.catalina.core.AprLifecycleListener.lifecycleEvent The APR based Apache Tomcat Native library which allows optimal performance in production environments was not found on the java.library.path: [C:\Program Files\Java\jdk1.8.0_144\bin;C:\Windows\Sun\Java\bin;C:\Windows\system32;C:\Windows;C:\Anaconda2;C:\Anaconda2\Library\mingw-w64\bin;C:\Anaconda2\Library\usr\bin;C:\Anaconda2\Library\bin;C:\Anaconda2\Scripts;C:\ProgramData\Oracle\Java\javapath;C:\Windows\system32;C:\Windows;C:\Windows\System32\Wbem;C:\Windows\System32\WindowsPowerShell\v1.0\;C:\Program Files (x86)\Windows Kits\8.1\Windows Performance Toolkit\;C:\Program Files\Microsoft SQL Server\120\Tools\Binn\;C:\Program Files\MiKTeX 2.9\miktex\bin\x64\;C:\Program Files\TortoiseSVN\bin;C:\Program Files\doxygen\bin;C:\MATLAB\R2017a\runtime\win64;C:\MATLAB\R2017a\bin;C:\Windows\system32\config\systemprofile\AppData\Local\Microsoft\WindowsApps;C:\instantclient_12_1;C:\Program Files\Git\cmd;C:\Program Files\Oracle\Virtualbox;C:\Program Files\Java\jdk1.8.0_101\bin;.]
20-Nov-2019 08:10:23.892 INFOS [main] org.apache.coyote.AbstractProtocol.init Initializing ProtocolHandler ["http-nio-8080"]
20-Nov-2019 08:10:24.001 INFOS [main] org.apache.tomcat.util.net.NioSelectorPool.getSharedSelector Using a shared selector for servlet write/read
20-Nov-2019 08:10:24.016 INFOS [main] org.apache.coyote.AbstractProtocol.init Initializing ProtocolHandler ["ajp-nio-8009"]
20-Nov-2019 08:10:24.019 INFOS [main] org.apache.tomcat.util.net.NioSelectorPool.getSharedSelector Using a shared selector for servlet write/read
20-Nov-2019 08:10:24.020 INFOS [main] org.apache.catalina.startup.Catalina.load Initialization processed in 937 ms
20-Nov-2019 08:10:24.111 INFOS [main] org.apache.catalina.core.StandardService.startInternal Démarrage du service [Catalina]
20-Nov-2019 08:10:24.111 INFOS [main] org.apache.catalina.core.StandardEngine.startInternal Starting Servlet Engine: Apache Tomcat/8.5.29
20-Nov-2019 08:10:24.140 INFOS [localhost-startStop-1] org.apache.catalina.startup.HostConfig.deployDescriptor Déploiement du descripteur de configuration [H:\Mes documents\WebCiment\Projet_WS\TOMCAT\H4142\conf\Catalina\localhost\manager.xml]
20-Nov-2019 08:10:24.848 INFOS [localhost-startStop-1] org.apache.catalina.startup.HostConfig.deployDescriptor Deployment of configuration descriptor [H:\Mes documents\WebCiment\Projet_WS\TOMCAT\H4142\conf\Catalina\localhost\manager.xml] has finished in [708] ms
20-Nov-2019 08:10:24.848 INFOS [localhost-startStop-1] org.apache.catalina.startup.HostConfig.deployDescriptor Déploiement du descripteur de configuration [H:\Mes documents\WebCiment\Projet_WS\TOMCAT\H4142\conf\Catalina\localhost\ROOT.xml]
20-Nov-2019 08:10:24.913 INFOS [localhost-startStop-1] org.apache.catalina.startup.HostConfig.deployDescriptor Deployment of configuration descriptor [H:\Mes documents\WebCiment\Projet_WS\TOMCAT\H4142\conf\Catalina\localhost\ROOT.xml] has finished in [65] ms
20-Nov-2019 08:10:24.913 INFOS [localhost-startStop-1] org.apache.catalina.startup.HostConfig.deployDescriptor Déploiement du descripteur de configuration [H:\Mes documents\WebCiment\Projet_WS\TOMCAT\H4142\conf\Catalina\localhost\Spotmimsfy.xml]
20-Nov-2019 08:10:29.928 INFOS [localhost-startStop-1] org.apache.jasper.servlet.TldScanner.scanJars At least one JAR was scanned for TLDs yet contained no TLDs. Enable debug logging for this logger for a complete list of JARs that were scanned but no TLDs were found in them. Skipping unneeded JARs during scanning can improve startup time and JSP compilation time.
20-Nov-2019 08:10:29.937 INFOS [localhost-startStop-1] org.apache.catalina.startup.HostConfig.deployDescriptor Deployment of configuration descriptor [H:\Mes documents\WebCiment\Projet_WS\TOMCAT\H4142\conf\Catalina\localhost\Spotmimsfy.xml] has finished in [5 024] ms
20-Nov-2019 08:10:29.941 INFOS [main] org.apache.coyote.AbstractProtocol.start Starting ProtocolHandler ["http-nio-8080"]
20-Nov-2019 08:10:29.959 INFOS [main] org.apache.coyote.AbstractProtocol.start Starting ProtocolHandler ["ajp-nio-8009"]
20-Nov-2019 08:10:29.962 INFOS [main] org.apache.catalina.startup.Catalina.start Server startup in 5941 ms
20-Nov-2019 08:10:46.073 INFOS [http-nio-8080-exec-7] org.apache.catalina.startup.HostConfig.undeploy Repli (undeploy) de l'application web ayant pour chemin de contexte [/Spotmimsfy]
20-Nov-2019 08:10:46.144 INFOS [http-nio-8080-exec-2] org.apache.catalina.startup.HostConfig.deployDescriptor Déploiement du descripteur de configuration [H:\Mes documents\WebCiment\Projet_WS\TOMCAT\H4142\conf\Catalina\localhost\Spotmimsfy.xml]
20-Nov-2019 08:10:50.325 INFOS [http-nio-8080-exec-2] org.apache.jasper.servlet.TldScanner.scanJars At least one JAR was scanned for TLDs yet contained no TLDs. Enable debug logging for this logger for a complete list of JARs that were scanned but no TLDs were found in them. Skipping unneeded JARs during scanning can improve startup time and JSP compilation time.
20-Nov-2019 08:10:50.331 INFOS [http-nio-8080-exec-2] org.apache.catalina.startup.HostConfig.deployDescriptor Deployment of configuration descriptor [H:\Mes documents\WebCiment\Projet_WS\TOMCAT\H4142\conf\Catalina\localhost\Spotmimsfy.xml] has finished in [4 186] ms
20-Nov-2019 08:10:50.336 INFOS [http-nio-8080-exec-8] org.apache.catalina.util.LifecycleBase.start The start() method was called on component [StandardEngine[Catalina].StandardHost[localhost].StandardContext[/Spotmimsfy]] after start() had already been called. The second call will be ignored.
20-Nov-2019 08:53:49.921 INFOS [http-nio-8080-exec-16] org.apache.catalina.startup.HostConfig.undeploy Repli (undeploy) de l'application web ayant pour chemin de contexte [/Spotmimsfy]
20-Nov-2019 08:53:50.003 INFOS [http-nio-8080-exec-14] org.apache.catalina.startup.HostConfig.deployDescriptor Déploiement du descripteur de configuration [H:\Mes documents\WebCiment\Projet_WS\TOMCAT\H4142\conf\Catalina\localhost\Spotmimsfy.xml]
20-Nov-2019 08:53:54.073 INFOS [http-nio-8080-exec-14] org.apache.jasper.servlet.TldScanner.scanJars At least one JAR was scanned for TLDs yet contained no TLDs. Enable debug logging for this logger for a complete list of JARs that were scanned but no TLDs were found in them. Skipping unneeded JARs during scanning can improve startup time and JSP compilation time.
20-Nov-2019 08:53:54.081 INFOS [http-nio-8080-exec-14] org.apache.catalina.startup.HostConfig.deployDescriptor Deployment of configuration descriptor [H:\Mes documents\WebCiment\Projet_WS\TOMCAT\H4142\conf\Catalina\localhost\Spotmimsfy.xml] has finished in [4 078] ms
20-Nov-2019 08:53:54.089 INFOS [http-nio-8080-exec-13] org.apache.catalina.util.LifecycleBase.start The start() method was called on component [StandardEngine[Catalina].StandardHost[localhost].StandardContext[/Spotmimsfy]] after start() had already been called. The second call will be ignored.
20-Nov-2019 08:55:39.695 INFOS [main] org.apache.catalina.core.StandardServer.await A valid shutdown command was received via the shutdown port. Stopping the Server instance.
20-Nov-2019 08:55:39.695 INFOS [main] org.apache.coyote.AbstractProtocol.pause Pausing ProtocolHandler ["http-nio-8080"]
20-Nov-2019 08:55:39.802 INFOS [main] org.apache.coyote.AbstractProtocol.pause Pausing ProtocolHandler ["ajp-nio-8009"]
20-Nov-2019 08:55:39.901 INFOS [main] org.apache.catalina.core.StandardService.stopInternal Arrêt du service [Catalina]
20-Nov-2019 08:55:39.966 INFOS [main] org.apache.coyote.AbstractProtocol.stop Stopping ProtocolHandler ["http-nio-8080"]
20-Nov-2019 08:55:39.968 INFOS [main] org.apache.coyote.AbstractProtocol.stop Stopping ProtocolHandler ["ajp-nio-8009"]
20-Nov-2019 08:55:39.970 INFOS [main] org.apache.coyote.AbstractProtocol.destroy Destroying ProtocolHandler ["http-nio-8080"]
20-Nov-2019 08:55:39.970 INFOS [main] org.apache.coyote.AbstractProtocol.destroy Destroying ProtocolHandler ["ajp-nio-8009"]
20-Nov-2019 08:55:45.692 GRAVE [main] org.apache.catalina.startup.Catalina.initDirs Cannot find specified temporary folder at [H:\Mes documents\WebCiment\Projet_WS\TOMCAT\H4142\temp]
20-Nov-2019 08:55:46.277 INFOS [main] org.apache.catalina.startup.VersionLoggerListener.log Server version:        Apache Tomcat/8.5.29
20-Nov-2019 08:55:46.277 INFOS [main] org.apache.catalina.startup.VersionLoggerListener.log Server built:          Mar 5 2018 13:11:12 UTC
20-Nov-2019 08:55:46.277 INFOS [main] org.apache.catalina.startup.VersionLoggerListener.log Server number:         8.5.29.0
20-Nov-2019 08:55:46.277 INFOS [main] org.apache.catalina.startup.VersionLoggerListener.log OS Name:               Windows 10
20-Nov-2019 08:55:46.278 INFOS [main] org.apache.catalina.startup.VersionLoggerListener.log OS Version:            10.0
20-Nov-2019 08:55:46.278 INFOS [main] org.apache.catalina.startup.VersionLoggerListener.log Architecture:          amd64
20-Nov-2019 08:55:46.278 INFOS [main] org.apache.catalina.startup.VersionLoggerListener.log Java Home:             C:\Program Files\Java\jdk1.8.0_144\jre
20-Nov-2019 08:55:46.278 INFOS [main] org.apache.catalina.startup.VersionLoggerListener.log JVM Version:           1.8.0_144-b01
20-Nov-2019 08:55:46.278 INFOS [main] org.apache.catalina.startup.VersionLoggerListener.log JVM Vendor:            Oracle Corporation
20-Nov-2019 08:55:46.278 INFOS [main] org.apache.catalina.startup.VersionLoggerListener.log CATALINA_BASE:         H:\Mes documents\WebCiment\Projet_WS\TOMCAT\H4142
20-Nov-2019 08:55:46.278 INFOS [main] org.apache.catalina.startup.VersionLoggerListener.log CATALINA_HOME:         H:\Mes documents\WebCiment\Projet_WS\TOMCAT\apache-tomcat-8.5.29
20-Nov-2019 08:55:46.278 INFOS [main] org.apache.catalina.startup.VersionLoggerListener.log Command line argument: -Djava.util.logging.config.file=H:\Mes documents\WebCiment\Projet_WS\TOMCAT\H4142\conf\logging.properties
20-Nov-2019 08:55:46.278 INFOS [main] org.apache.catalina.startup.VersionLoggerListener.log Command line argument: -Djava.util.logging.manager=org.apache.juli.ClassLoaderLogManager
20-Nov-2019 08:55:46.278 INFOS [main] org.apache.catalina.startup.VersionLoggerListener.log Command line argument: -Dhttp.nonProxyHosts=localhost|127.0.0.1|IF501-204-10
20-Nov-2019 08:55:46.278 INFOS [main] org.apache.catalina.startup.VersionLoggerListener.log Command line argument: -Djdk.tls.ephemeralDHKeySize=2048
20-Nov-2019 08:55:46.278 INFOS [main] org.apache.catalina.startup.VersionLoggerListener.log Command line argument: -Djava.protocol.handler.pkgs=org.apache.catalina.webresources
20-Nov-2019 08:55:46.279 INFOS [main] org.apache.catalina.startup.VersionLoggerListener.log Command line argument: -agentlib:jdwp=transport=dt_shmem,address=tomcat_shared_memory_id,server=y,suspend=n
20-Nov-2019 08:55:46.279 INFOS [main] org.apache.catalina.startup.VersionLoggerListener.log Command line argument: -Dignore.endorsed.dirs=
20-Nov-2019 08:55:46.279 INFOS [main] org.apache.catalina.startup.VersionLoggerListener.log Command line argument: -Dcatalina.base=H:\Mes documents\WebCiment\Projet_WS\TOMCAT\H4142
20-Nov-2019 08:55:46.279 INFOS [main] org.apache.catalina.startup.VersionLoggerListener.log Command line argument: -Dcatalina.home=H:\Mes documents\WebCiment\Projet_WS\TOMCAT\apache-tomcat-8.5.29
20-Nov-2019 08:55:46.279 INFOS [main] org.apache.catalina.startup.VersionLoggerListener.log Command line argument: -Djava.io.tmpdir=H:\Mes documents\WebCiment\Projet_WS\TOMCAT\H4142\temp
20-Nov-2019 08:55:46.279 INFOS [main] org.apache.catalina.core.AprLifecycleListener.lifecycleEvent The APR based Apache Tomcat Native library which allows optimal performance in production environments was not found on the java.library.path: [C:\Program Files\Java\jdk1.8.0_144\bin;C:\Windows\Sun\Java\bin;C:\Windows\system32;C:\Windows;C:\Anaconda2;C:\Anaconda2\Library\mingw-w64\bin;C:\Anaconda2\Library\usr\bin;C:\Anaconda2\Library\bin;C:\Anaconda2\Scripts;C:\ProgramData\Oracle\Java\javapath;C:\Windows\system32;C:\Windows;C:\Windows\System32\Wbem;C:\Windows\System32\WindowsPowerShell\v1.0\;C:\Program Files (x86)\Windows Kits\8.1\Windows Performance Toolkit\;C:\Program Files\Microsoft SQL Server\120\Tools\Binn\;C:\Program Files\MiKTeX 2.9\miktex\bin\x64\;C:\Program Files\TortoiseSVN\bin;C:\Program Files\doxygen\bin;C:\MATLAB\R2017a\runtime\win64;C:\MATLAB\R2017a\bin;C:\Windows\system32\config\systemprofile\AppData\Local\Microsoft\WindowsApps;C:\instantclient_12_1;C:\Program Files\Git\cmd;C:\Program Files\Oracle\Virtualbox;C:\Program Files\Java\jdk1.8.0_101\bin;.]
20-Nov-2019 08:55:46.493 INFOS [main] org.apache.coyote.AbstractProtocol.init Initializing ProtocolHandler ["http-nio-8080"]
20-Nov-2019 08:55:46.594 INFOS [main] org.apache.tomcat.util.net.NioSelectorPool.getSharedSelector Using a shared selector for servlet write/read
20-Nov-2019 08:55:46.607 INFOS [main] org.apache.coyote.AbstractProtocol.init Initializing ProtocolHandler ["ajp-nio-8009"]
20-Nov-2019 08:55:46.609 INFOS [main] org.apache.tomcat.util.net.NioSelectorPool.getSharedSelector Using a shared selector for servlet write/read
20-Nov-2019 08:55:46.610 INFOS [main] org.apache.catalina.startup.Catalina.load Initialization processed in 918 ms
20-Nov-2019 08:55:46.687 INFOS [main] org.apache.catalina.core.StandardService.startInternal Démarrage du service [Catalina]
20-Nov-2019 08:55:46.687 INFOS [main] org.apache.catalina.core.StandardEngine.startInternal Starting Servlet Engine: Apache Tomcat/8.5.29
20-Nov-2019 08:55:46.713 INFOS [localhost-startStop-1] org.apache.catalina.startup.HostConfig.deployDescriptor Déploiement du descripteur de configuration [H:\Mes documents\WebCiment\Projet_WS\TOMCAT\H4142\conf\Catalina\localhost\manager.xml]
20-Nov-2019 08:55:47.411 INFOS [localhost-startStop-1] org.apache.catalina.startup.HostConfig.deployDescriptor Deployment of configuration descriptor [H:\Mes documents\WebCiment\Projet_WS\TOMCAT\H4142\conf\Catalina\localhost\manager.xml] has finished in [696] ms
20-Nov-2019 08:55:47.411 INFOS [localhost-startStop-1] org.apache.catalina.startup.HostConfig.deployDescriptor Déploiement du descripteur de configuration [H:\Mes documents\WebCiment\Projet_WS\TOMCAT\H4142\conf\Catalina\localhost\ROOT.xml]
20-Nov-2019 08:55:47.459 INFOS [localhost-startStop-1] org.apache.catalina.startup.HostConfig.deployDescriptor Deployment of configuration descriptor [H:\Mes documents\WebCiment\Projet_WS\TOMCAT\H4142\conf\Catalina\localhost\ROOT.xml] has finished in [48] ms
20-Nov-2019 08:55:47.459 INFOS [localhost-startStop-1] org.apache.catalina.startup.HostConfig.deployDescriptor Déploiement du descripteur de configuration [H:\Mes documents\WebCiment\Projet_WS\TOMCAT\H4142\conf\Catalina\localhost\Spotmimsfy.xml]
20-Nov-2019 08:55:52.355 INFOS [localhost-startStop-1] org.apache.jasper.servlet.TldScanner.scanJars At least one JAR was scanned for TLDs yet contained no TLDs. Enable debug logging for this logger for a complete list of JARs that were scanned but no TLDs were found in them. Skipping unneeded JARs during scanning can improve startup time and JSP compilation time.
20-Nov-2019 08:55:52.414 INFOS [localhost-startStop-1] org.apache.catalina.startup.HostConfig.deployDescriptor Deployment of configuration descriptor [H:\Mes documents\WebCiment\Projet_WS\TOMCAT\H4142\conf\Catalina\localhost\Spotmimsfy.xml] has finished in [4 955] ms
20-Nov-2019 08:55:52.419 INFOS [main] org.apache.coyote.AbstractProtocol.start Starting ProtocolHandler ["http-nio-8080"]
20-Nov-2019 08:55:52.447 INFOS [main] org.apache.coyote.AbstractProtocol.start Starting ProtocolHandler ["ajp-nio-8009"]
20-Nov-2019 08:55:52.451 INFOS [main] org.apache.catalina.startup.Catalina.start Server startup in 5840 ms
20-Nov-2019 08:55:54.869 INFOS [http-nio-8080-exec-9] org.apache.catalina.startup.HostConfig.undeploy Repli (undeploy) de l'application web ayant pour chemin de contexte [/Spotmimsfy]
20-Nov-2019 08:55:54.956 INFOS [http-nio-8080-exec-3] org.apache.catalina.startup.HostConfig.deployDescriptor Déploiement du descripteur de configuration [H:\Mes documents\WebCiment\Projet_WS\TOMCAT\H4142\conf\Catalina\localhost\Spotmimsfy.xml]
20-Nov-2019 08:55:57.572 INFOS [http-nio-8080-exec-3] org.apache.jasper.servlet.TldScanner.scanJars At least one JAR was scanned for TLDs yet contained no TLDs. Enable debug logging for this logger for a complete list of JARs that were scanned but no TLDs were found in them. Skipping unneeded JARs during scanning can improve startup time and JSP compilation time.
20-Nov-2019 08:55:57.578 INFOS [http-nio-8080-exec-3] org.apache.catalina.startup.HostConfig.deployDescriptor Deployment of configuration descriptor [H:\Mes documents\WebCiment\Projet_WS\TOMCAT\H4142\conf\Catalina\localhost\Spotmimsfy.xml] has finished in [2 622] ms
20-Nov-2019 08:55:57.582 INFOS [http-nio-8080-exec-2] org.apache.catalina.util.LifecycleBase.start The start() method was called on component [StandardEngine[Catalina].StandardHost[localhost].StandardContext[/Spotmimsfy]] after start() had already been called. The second call will be ignored.
20-Nov-2019 08:56:43.304 INFOS [http-nio-8080-exec-6] org.apache.catalina.startup.HostConfig.undeploy Repli (undeploy) de l'application web ayant pour chemin de contexte [/Spotmimsfy]
20-Nov-2019 08:56:43.518 INFOS [http-nio-8080-exec-18] org.apache.catalina.startup.HostConfig.deployDescriptor Déploiement du descripteur de configuration [H:\Mes documents\WebCiment\Projet_WS\TOMCAT\H4142\conf\Catalina\localhost\Spotmimsfy.xml]
20-Nov-2019 08:57:01.926 INFOS [http-nio-8080-exec-18] org.apache.jasper.servlet.TldScanner.scanJars At least one JAR was scanned for TLDs yet contained no TLDs. Enable debug logging for this logger for a complete list of JARs that were scanned but no TLDs were found in them. Skipping unneeded JARs during scanning can improve startup time and JSP compilation time.
20-Nov-2019 08:57:01.946 INFOS [http-nio-8080-exec-18] org.apache.catalina.startup.HostConfig.deployDescriptor Deployment of configuration descriptor [H:\Mes documents\WebCiment\Projet_WS\TOMCAT\H4142\conf\Catalina\localhost\Spotmimsfy.xml] has finished in [18 427] ms
20-Nov-2019 08:57:02.374 INFOS [http-nio-8080-exec-14] org.apache.catalina.util.LifecycleBase.start The start() method was called on component [StandardEngine[Catalina].StandardHost[localhost].StandardContext[/Spotmimsfy]] after start() had already been called. The second call will be ignored.
20-Nov-2019 08:57:17.711 INFOS [http-nio-8080-exec-23] org.apache.catalina.startup.HostConfig.undeploy Repli (undeploy) de l'application web ayant pour chemin de contexte [/Spotmimsfy]
20-Nov-2019 08:57:17.753 INFOS [http-nio-8080-exec-20] org.apache.catalina.startup.HostConfig.deployDescriptor Déploiement du descripteur de configuration [H:\Mes documents\WebCiment\Projet_WS\TOMCAT\H4142\conf\Catalina\localhost\Spotmimsfy.xml]
20-Nov-2019 08:57:20.911 INFOS [http-nio-8080-exec-20] org.apache.jasper.servlet.TldScanner.scanJars At least one JAR was scanned for TLDs yet contained no TLDs. Enable debug logging for this logger for a complete list of JARs that were scanned but no TLDs were found in them. Skipping unneeded JARs during scanning can improve startup time and JSP compilation time.
20-Nov-2019 08:57:20.922 INFOS [http-nio-8080-exec-20] org.apache.catalina.startup.HostConfig.deployDescriptor Deployment of configuration descriptor [H:\Mes documents\WebCiment\Projet_WS\TOMCAT\H4142\conf\Catalina\localhost\Spotmimsfy.xml] has finished in [3 170] ms
20-Nov-2019 08:57:20.928 INFOS [http-nio-8080-exec-21] org.apache.catalina.util.LifecycleBase.start The start() method was called on component [StandardEngine[Catalina].StandardHost[localhost].StandardContext[/Spotmimsfy]] after start() had already been called. The second call will be ignored.
20-Nov-2019 08:57:21.508 INFOS [http-nio-8080-exec-23] org.apache.catalina.core.StandardContext.reload Le rechargement du contexte [/Spotmimsfy] a démarré
20-Nov-2019 08:57:25.048 INFOS [http-nio-8080-exec-23] org.apache.jasper.servlet.TldScanner.scanJars At least one JAR was scanned for TLDs yet contained no TLDs. Enable debug logging for this logger for a complete list of JARs that were scanned but no TLDs were found in them. Skipping unneeded JARs during scanning can improve startup time and JSP compilation time.
20-Nov-2019 08:57:25.053 INFOS [http-nio-8080-exec-23] org.apache.catalina.core.StandardContext.reload Le rechargement de ce contexte est terminé
20-Nov-2019 08:57:29.219 INFOS [http-nio-8080-exec-25] org.apache.catalina.startup.HostConfig.undeploy Repli (undeploy) de l'application web ayant pour chemin de contexte [/Spotmimsfy]
20-Nov-2019 08:57:29.266 INFOS [http-nio-8080-exec-27] org.apache.catalina.startup.HostConfig.deployDescriptor Déploiement du descripteur de configuration [H:\Mes documents\WebCiment\Projet_WS\TOMCAT\H4142\conf\Catalina\localhost\Spotmimsfy.xml]
20-Nov-2019 08:57:31.979 INFOS [http-nio-8080-exec-27] org.apache.jasper.servlet.TldScanner.scanJars At least one JAR was scanned for TLDs yet contained no TLDs. Enable debug logging for this logger for a complete list of JARs that were scanned but no TLDs were found in them. Skipping unneeded JARs during scanning can improve startup time and JSP compilation time.
20-Nov-2019 08:57:31.985 INFOS [http-nio-8080-exec-27] org.apache.catalina.startup.HostConfig.deployDescriptor Deployment of configuration descriptor [H:\Mes documents\WebCiment\Projet_WS\TOMCAT\H4142\conf\Catalina\localhost\Spotmimsfy.xml] has finished in [2 719] ms
20-Nov-2019 08:57:31.989 INFOS [http-nio-8080-exec-11] org.apache.catalina.util.LifecycleBase.start The start() method was called on component [StandardEngine[Catalina].StandardHost[localhost].StandardContext[/Spotmimsfy]] after start() had already been called. The second call will be ignored.
20-Nov-2019 09:00:53.342 INFOS [http-nio-8080-exec-33] org.apache.catalina.startup.HostConfig.undeploy Repli (undeploy) de l'application web ayant pour chemin de contexte [/Spotmimsfy]
20-Nov-2019 09:00:53.399 INFOS [http-nio-8080-exec-32] org.apache.catalina.startup.HostConfig.deployDescriptor Déploiement du descripteur de configuration [H:\Mes documents\WebCiment\Projet_WS\TOMCAT\H4142\conf\Catalina\localhost\Spotmimsfy.xml]
20-Nov-2019 09:00:57.310 INFOS [http-nio-8080-exec-32] org.apache.jasper.servlet.TldScanner.scanJars At least one JAR was scanned for TLDs yet contained no TLDs. Enable debug logging for this logger for a complete list of JARs that were scanned but no TLDs were found in them. Skipping unneeded JARs during scanning can improve startup time and JSP compilation time.
20-Nov-2019 09:00:57.317 INFOS [http-nio-8080-exec-32] org.apache.catalina.startup.HostConfig.deployDescriptor Deployment of configuration descriptor [H:\Mes documents\WebCiment\Projet_WS\TOMCAT\H4142\conf\Catalina\localhost\Spotmimsfy.xml] has finished in [3 918] ms
20-Nov-2019 09:00:57.321 INFOS [http-nio-8080-exec-29] org.apache.catalina.util.LifecycleBase.start The start() method was called on component [StandardEngine[Catalina].StandardHost[localhost].StandardContext[/Spotmimsfy]] after start() had already been called. The second call will be ignored.
20-Nov-2019 09:01:57.304 INFOS [http-nio-8080-exec-44] org.apache.catalina.startup.HostConfig.undeploy Repli (undeploy) de l'application web ayant pour chemin de contexte [/Spotmimsfy]
20-Nov-2019 09:01:57.370 INFOS [http-nio-8080-exec-39] org.apache.catalina.startup.HostConfig.deployDescriptor Déploiement du descripteur de configuration [H:\Mes documents\WebCiment\Projet_WS\TOMCAT\H4142\conf\Catalina\localhost\Spotmimsfy.xml]
20-Nov-2019 09:02:03.446 INFOS [http-nio-8080-exec-39] org.apache.jasper.servlet.TldScanner.scanJars At least one JAR was scanned for TLDs yet contained no TLDs. Enable debug logging for this logger for a complete list of JARs that were scanned but no TLDs were found in them. Skipping unneeded JARs during scanning can improve startup time and JSP compilation time.
20-Nov-2019 09:02:03.452 INFOS [http-nio-8080-exec-39] org.apache.catalina.startup.HostConfig.deployDescriptor Deployment of configuration descriptor [H:\Mes documents\WebCiment\Projet_WS\TOMCAT\H4142\conf\Catalina\localhost\Spotmimsfy.xml] has finished in [6 082] ms
20-Nov-2019 09:02:03.460 INFOS [http-nio-8080-exec-41] org.apache.catalina.util.LifecycleBase.start The start() method was called on component [StandardEngine[Catalina].StandardHost[localhost].StandardContext[/Spotmimsfy]] after start() had already been called. The second call will be ignored.
20-Nov-2019 09:16:26.160 INFOS [http-nio-8080-exec-55] org.apache.catalina.startup.HostConfig.undeploy Repli (undeploy) de l'application web ayant pour chemin de contexte [/Spotmimsfy]
20-Nov-2019 09:16:26.242 INFOS [http-nio-8080-exec-51] org.apache.catalina.startup.HostConfig.deployDescriptor Déploiement du descripteur de configuration [H:\Mes documents\WebCiment\Projet_WS\TOMCAT\H4142\conf\Catalina\localhost\Spotmimsfy.xml]
20-Nov-2019 09:16:30.634 INFOS [http-nio-8080-exec-51] org.apache.jasper.servlet.TldScanner.scanJars At least one JAR was scanned for TLDs yet contained no TLDs. Enable debug logging for this logger for a complete list of JARs that were scanned but no TLDs were found in them. Skipping unneeded JARs during scanning can improve startup time and JSP compilation time.
20-Nov-2019 09:16:30.640 INFOS [http-nio-8080-exec-51] org.apache.catalina.startup.HostConfig.deployDescriptor Deployment of configuration descriptor [H:\Mes documents\WebCiment\Projet_WS\TOMCAT\H4142\conf\Catalina\localhost\Spotmimsfy.xml] has finished in [4 398] ms
20-Nov-2019 09:16:30.661 INFOS [http-nio-8080-exec-52] org.apache.catalina.util.LifecycleBase.start The start() method was called on component [StandardEngine[Catalina].StandardHost[localhost].StandardContext[/Spotmimsfy]] after start() had already been called. The second call will be ignored.
20-Nov-2019 09:38:36.397 INFOS [http-nio-8080-exec-58] org.apache.catalina.startup.HostConfig.undeploy Repli (undeploy) de l'application web ayant pour chemin de contexte [/Spotmimsfy]
20-Nov-2019 09:38:36.476 INFOS [http-nio-8080-exec-63] org.apache.catalina.startup.HostConfig.deployDescriptor Déploiement du descripteur de configuration [H:\Mes documents\WebCiment\Projet_WS\TOMCAT\H4142\conf\Catalina\localhost\Spotmimsfy.xml]
20-Nov-2019 09:38:40.875 INFOS [http-nio-8080-exec-63] org.apache.jasper.servlet.TldScanner.scanJars At least one JAR was scanned for TLDs yet contained no TLDs. Enable debug logging for this logger for a complete list of JARs that were scanned but no TLDs were found in them. Skipping unneeded JARs during scanning can improve startup time and JSP compilation time.
20-Nov-2019 09:38:40.881 INFOS [http-nio-8080-exec-63] org.apache.catalina.startup.HostConfig.deployDescriptor Deployment of configuration descriptor [H:\Mes documents\WebCiment\Projet_WS\TOMCAT\H4142\conf\Catalina\localhost\Spotmimsfy.xml] has finished in [4 405] ms
20-Nov-2019 09:38:40.898 INFOS [http-nio-8080-exec-65] org.apache.catalina.util.LifecycleBase.start The start() method was called on component [StandardEngine[Catalina].StandardHost[localhost].StandardContext[/Spotmimsfy]] after start() had already been called. The second call will be ignored.
20-Nov-2019 09:40:55.424 INFOS [http-nio-8080-exec-72] org.apache.catalina.startup.HostConfig.undeploy Repli (undeploy) de l'application web ayant pour chemin de contexte [/Spotmimsfy]
20-Nov-2019 09:40:55.489 INFOS [http-nio-8080-exec-67] org.apache.catalina.startup.HostConfig.deployDescriptor Déploiement du descripteur de configuration [H:\Mes documents\WebCiment\Projet_WS\TOMCAT\H4142\conf\Catalina\localhost\Spotmimsfy.xml]
20-Nov-2019 09:41:00.371 INFOS [http-nio-8080-exec-67] org.apache.jasper.servlet.TldScanner.scanJars At least one JAR was scanned for TLDs yet contained no TLDs. Enable debug logging for this logger for a complete list of JARs that were scanned but no TLDs were found in them. Skipping unneeded JARs during scanning can improve startup time and JSP compilation time.
20-Nov-2019 09:41:00.379 INFOS [http-nio-8080-exec-67] org.apache.catalina.startup.HostConfig.deployDescriptor Deployment of configuration descriptor [H:\Mes documents\WebCiment\Projet_WS\TOMCAT\H4142\conf\Catalina\localhost\Spotmimsfy.xml] has finished in [4 891] ms
20-Nov-2019 09:41:00.398 INFOS [http-nio-8080-exec-70] org.apache.catalina.util.LifecycleBase.start The start() method was called on component [StandardEngine[Catalina].StandardHost[localhost].StandardContext[/Spotmimsfy]] after start() had already been called. The second call will be ignored.
20-Nov-2019 09:52:45.249 INFOS [http-nio-8080-exec-77] org.apache.catalina.startup.HostConfig.undeploy Repli (undeploy) de l'application web ayant pour chemin de contexte [/Spotmimsfy]
20-Nov-2019 09:52:45.323 INFOS [http-nio-8080-exec-81] org.apache.catalina.startup.HostConfig.deployDescriptor Déploiement du descripteur de configuration [H:\Mes documents\WebCiment\Projet_WS\TOMCAT\H4142\conf\Catalina\localhost\Spotmimsfy.xml]
20-Nov-2019 09:52:49.531 INFOS [http-nio-8080-exec-81] org.apache.jasper.servlet.TldScanner.scanJars At least one JAR was scanned for TLDs yet contained no TLDs. Enable debug logging for this logger for a complete list of JARs that were scanned but no TLDs were found in them. Skipping unneeded JARs during scanning can improve startup time and JSP compilation time.
20-Nov-2019 09:52:49.537 INFOS [http-nio-8080-exec-81] org.apache.catalina.startup.HostConfig.deployDescriptor Deployment of configuration descriptor [H:\Mes documents\WebCiment\Projet_WS\TOMCAT\H4142\conf\Catalina\localhost\Spotmimsfy.xml] has finished in [4 213] ms
20-Nov-2019 09:52:49.541 INFOS [http-nio-8080-exec-82] org.apache.catalina.util.LifecycleBase.start The start() method was called on component [StandardEngine[Catalina].StandardHost[localhost].StandardContext[/Spotmimsfy]] after start() had already been called. The second call will be ignored.
