18-Nov-2019 16:38:47.678 INFOS [http-nio-8080-exec-4] org.apache.catalina.core.ApplicationContext.log Manager: init: Associated with Deployer 'Catalina:type=Deployer,host=localhost'
18-Nov-2019 16:38:47.679 INFOS [http-nio-8080-exec-4] org.apache.catalina.core.ApplicationContext.log Manager: init: Global resources are available
18-Nov-2019 16:38:47.790 INFOS [http-nio-8080-exec-6] org.apache.catalina.core.ApplicationContext.log Manager: list: Listing contexts for virtual host 'localhost'
18-Nov-2019 16:38:47.809 INFOS [http-nio-8080-exec-7] org.apache.catalina.core.ApplicationContext.log Manager: undeploy: Undeploying web application at '/Spotmimsfy'
18-Nov-2019 16:38:48.411 INFOS [http-nio-8080-exec-3] org.apache.catalina.core.ApplicationContext.log Manager: install: Installing context configuration at 'file:/C:/Users/amartin5/AppData/Local/Temp/context7469516022704289577.xml'
18-Nov-2019 16:38:53.467 INFOS [http-nio-8080-exec-8] org.apache.catalina.core.ApplicationContext.log Manager: start: Starting web application '/Spotmimsfy'
18-Nov-2019 16:39:04.827 INFOS [http-nio-8080-exec-4] org.apache.catalina.core.ApplicationContext.log Manager: list: Listing contexts for virtual host 'localhost'
18-Nov-2019 16:39:04.829 INFOS [http-nio-8080-exec-10] org.apache.catalina.core.ApplicationContext.log Manager: list: Listing contexts for virtual host 'localhost'
18-Nov-2019 16:39:04.841 INFOS [http-nio-8080-exec-6] org.apache.catalina.core.ApplicationContext.log Manager: undeploy: Undeploying web application at '/Spotmimsfy'
18-Nov-2019 16:39:05.571 INFOS [http-nio-8080-exec-8] org.apache.catalina.core.ApplicationContext.log Manager: install: Installing context configuration at 'file:/C:/Users/amartin5/AppData/Local/Temp/context8946471285772007991.xml'
18-Nov-2019 16:39:08.417 INFOS [http-nio-8080-exec-5] org.apache.catalina.core.ApplicationContext.log Manager: start: Starting web application '/Spotmimsfy'
18-Nov-2019 16:40:05.782 INFOS [http-nio-8080-exec-15] org.apache.catalina.core.ApplicationContext.log Manager: list: Listing contexts for virtual host 'localhost'
18-Nov-2019 16:40:19.121 INFOS [http-nio-8080-exec-16] org.apache.catalina.core.ApplicationContext.log Manager: list: Listing contexts for virtual host 'localhost'
18-Nov-2019 16:40:28.000 INFOS [http-nio-8080-exec-19] org.apache.catalina.core.ApplicationContext.log Manager: list: Listing contexts for virtual host 'localhost'
18-Nov-2019 16:40:28.003 INFOS [http-nio-8080-exec-22] org.apache.catalina.core.ApplicationContext.log Manager: list: Listing contexts for virtual host 'localhost'
18-Nov-2019 16:40:28.015 INFOS [http-nio-8080-exec-16] org.apache.catalina.core.ApplicationContext.log Manager: undeploy: Undeploying web application at '/Spotmimsfy'
18-Nov-2019 16:40:28.593 INFOS [http-nio-8080-exec-20] org.apache.catalina.core.ApplicationContext.log Manager: install: Installing context configuration at 'file:/C:/Users/amartin5/AppData/Local/Temp/context2491376433556313288.xml'
18-Nov-2019 16:40:33.773 INFOS [http-nio-8080-exec-18] org.apache.catalina.core.ApplicationContext.log Manager: start: Starting web application '/Spotmimsfy'
18-Nov-2019 16:40:44.659 INFOS [http-nio-8080-exec-24] org.apache.catalina.core.ApplicationContext.log Manager: list: Listing contexts for virtual host 'localhost'
18-Nov-2019 16:40:44.661 INFOS [http-nio-8080-exec-18] org.apache.catalina.core.ApplicationContext.log Manager: list: Listing contexts for virtual host 'localhost'
18-Nov-2019 16:40:44.679 INFOS [http-nio-8080-exec-17] org.apache.catalina.core.ApplicationContext.log Manager: undeploy: Undeploying web application at '/Spotmimsfy'
18-Nov-2019 16:40:45.372 INFOS [http-nio-8080-exec-19] org.apache.catalina.core.ApplicationContext.log Manager: install: Installing context configuration at 'file:/C:/Users/amartin5/AppData/Local/Temp/context8382628909465797845.xml'
18-Nov-2019 16:40:49.804 INFOS [http-nio-8080-exec-18] org.apache.catalina.core.ApplicationContext.log Manager: start: Starting web application '/Spotmimsfy'
18-Nov-2019 16:45:07.373 INFOS [http-nio-8080-exec-33] org.apache.catalina.core.ApplicationContext.log Manager: list: Listing contexts for virtual host 'localhost'
18-Nov-2019 16:45:11.715 INFOS [http-nio-8080-exec-33] org.apache.catalina.core.ApplicationContext.log Manager: list: Listing contexts for virtual host 'localhost'
18-Nov-2019 16:45:11.717 INFOS [http-nio-8080-exec-34] org.apache.catalina.core.ApplicationContext.log Manager: list: Listing contexts for virtual host 'localhost'
18-Nov-2019 16:45:11.730 INFOS [http-nio-8080-exec-35] org.apache.catalina.core.ApplicationContext.log Manager: undeploy: Undeploying web application at '/Spotmimsfy'
18-Nov-2019 16:45:12.360 INFOS [http-nio-8080-exec-31] org.apache.catalina.core.ApplicationContext.log Manager: install: Installing context configuration at 'file:/C:/Users/amartin5/AppData/Local/Temp/context820702419036321833.xml'
18-Nov-2019 16:45:16.775 INFOS [http-nio-8080-exec-30] org.apache.catalina.core.ApplicationContext.log Manager: start: Starting web application '/Spotmimsfy'
18-Nov-2019 16:48:29.376 INFOS [http-nio-8080-exec-38] org.apache.catalina.core.ApplicationContext.log Manager: list: Listing contexts for virtual host 'localhost'
18-Nov-2019 16:48:32.925 INFOS [http-nio-8080-exec-40] org.apache.catalina.core.ApplicationContext.log Manager: list: Listing contexts for virtual host 'localhost'
18-Nov-2019 16:48:32.927 INFOS [http-nio-8080-exec-38] org.apache.catalina.core.ApplicationContext.log Manager: list: Listing contexts for virtual host 'localhost'
18-Nov-2019 16:48:32.943 INFOS [http-nio-8080-exec-45] org.apache.catalina.core.ApplicationContext.log Manager: undeploy: Undeploying web application at '/Spotmimsfy'
18-Nov-2019 16:48:33.580 INFOS [http-nio-8080-exec-43] org.apache.catalina.core.ApplicationContext.log Manager: install: Installing context configuration at 'file:/C:/Users/amartin5/AppData/Local/Temp/context2638544904429689333.xml'
18-Nov-2019 16:48:37.603 INFOS [http-nio-8080-exec-37] org.apache.catalina.core.ApplicationContext.log Manager: start: Starting web application '/Spotmimsfy'
18-Nov-2019 16:49:58.148 INFOS [http-nio-8080-exec-49] org.apache.catalina.core.ApplicationContext.log Manager: list: Listing contexts for virtual host 'localhost'
18-Nov-2019 16:49:58.424 INFOS [http-nio-8080-exec-50] org.apache.catalina.core.ApplicationContext.log Manager: restart: Reloading web application '/Spotmimsfy'
18-Nov-2019 16:50:03.764 INFOS [http-nio-8080-exec-47] org.apache.catalina.core.ApplicationContext.log Manager: list: Listing contexts for virtual host 'localhost'
18-Nov-2019 16:50:03.903 INFOS [http-nio-8080-exec-40] org.apache.catalina.core.ApplicationContext.log Manager: restart: Reloading web application '/Spotmimsfy'
18-Nov-2019 16:50:06.153 INFOS [http-nio-8080-exec-46] org.apache.catalina.core.ApplicationContext.log Manager: list: Listing contexts for virtual host 'localhost'
18-Nov-2019 16:50:06.155 INFOS [http-nio-8080-exec-52] org.apache.catalina.core.ApplicationContext.log Manager: list: Listing contexts for virtual host 'localhost'
18-Nov-2019 16:50:06.961 INFOS [http-nio-8080-exec-53] org.apache.catalina.core.ApplicationContext.log Manager: undeploy: Undeploying web application at '/Spotmimsfy'
18-Nov-2019 16:50:07.597 INFOS [http-nio-8080-exec-40] org.apache.catalina.core.ApplicationContext.log Manager: install: Installing context configuration at 'file:/C:/Users/amartin5/AppData/Local/Temp/context7456367606315179854.xml'
18-Nov-2019 16:50:11.066 INFOS [http-nio-8080-exec-52] org.apache.catalina.core.ApplicationContext.log Manager: start: Starting web application '/Spotmimsfy'
18-Nov-2019 16:50:25.714 INFOS [http-nio-8080-exec-52] org.apache.catalina.core.ApplicationContext.log Manager: list: Listing contexts for virtual host 'localhost'
18-Nov-2019 16:50:42.209 INFOS [http-nio-8080-exec-1] org.apache.catalina.core.ApplicationContext.log Manager: init: Associated with Deployer 'Catalina:type=Deployer,host=localhost'
18-Nov-2019 16:50:42.209 INFOS [http-nio-8080-exec-1] org.apache.catalina.core.ApplicationContext.log Manager: init: Global resources are available
18-Nov-2019 16:50:42.213 INFOS [http-nio-8080-exec-1] org.apache.catalina.core.ApplicationContext.log Manager: restart: Reloading web application '/Spotmimsfy'
18-Nov-2019 16:50:43.009 INFOS [http-nio-8080-exec-7] org.apache.catalina.core.ApplicationContext.log Manager: list: Listing contexts for virtual host 'localhost'
18-Nov-2019 16:50:43.013 INFOS [http-nio-8080-exec-6] org.apache.catalina.core.ApplicationContext.log Manager: list: Listing contexts for virtual host 'localhost'
18-Nov-2019 16:50:45.964 INFOS [http-nio-8080-exec-4] org.apache.catalina.core.ApplicationContext.log Manager: undeploy: Undeploying web application at '/Spotmimsfy'
18-Nov-2019 16:50:46.631 INFOS [http-nio-8080-exec-12] org.apache.catalina.core.ApplicationContext.log Manager: install: Installing context configuration at 'file:/C:/Users/amartin5/AppData/Local/Temp/context9108584610928179638.xml'
18-Nov-2019 16:50:49.707 INFOS [http-nio-8080-exec-3] org.apache.catalina.core.ApplicationContext.log Manager: start: Starting web application '/Spotmimsfy'
18-Nov-2019 16:52:15.730 INFOS [http-nio-8080-exec-6] org.apache.catalina.core.ApplicationContext.log Manager: list: Listing contexts for virtual host 'localhost'
18-Nov-2019 16:52:15.733 INFOS [http-nio-8080-exec-13] org.apache.catalina.core.ApplicationContext.log Manager: list: Listing contexts for virtual host 'localhost'
18-Nov-2019 16:52:15.751 INFOS [http-nio-8080-exec-14] org.apache.catalina.core.ApplicationContext.log Manager: undeploy: Undeploying web application at '/Spotmimsfy'
18-Nov-2019 16:52:18.494 INFOS [http-nio-8080-exec-18] org.apache.catalina.core.ApplicationContext.log Manager: install: Installing context configuration at 'file:/C:/Users/amartin5/AppData/Local/Temp/context2413204800883372508.xml'
18-Nov-2019 16:52:21.652 INFOS [http-nio-8080-exec-17] org.apache.catalina.core.ApplicationContext.log Manager: start: Starting web application '/Spotmimsfy'
18-Nov-2019 16:52:50.652 INFOS [http-nio-8080-exec-14] org.apache.catalina.core.ApplicationContext.log Manager: list: Listing contexts for virtual host 'localhost'
18-Nov-2019 16:52:50.657 INFOS [http-nio-8080-exec-20] org.apache.catalina.core.ApplicationContext.log Manager: list: Listing contexts for virtual host 'localhost'
18-Nov-2019 16:52:50.673 INFOS [http-nio-8080-exec-21] org.apache.catalina.core.ApplicationContext.log Manager: undeploy: Undeploying web application at '/Spotmimsfy'
18-Nov-2019 16:52:53.589 INFOS [http-nio-8080-exec-16] org.apache.catalina.core.ApplicationContext.log Manager: install: Installing context configuration at 'file:/C:/Users/amartin5/AppData/Local/Temp/context8817898940858109631.xml'
18-Nov-2019 16:52:56.914 INFOS [http-nio-8080-exec-20] org.apache.catalina.core.ApplicationContext.log Manager: start: Starting web application '/Spotmimsfy'
18-Nov-2019 16:53:34.625 INFOS [http-nio-8080-exec-24] org.apache.catalina.core.ApplicationContext.log Manager: list: Listing contexts for virtual host 'localhost'
18-Nov-2019 16:53:34.628 INFOS [http-nio-8080-exec-29] org.apache.catalina.core.ApplicationContext.log Manager: list: Listing contexts for virtual host 'localhost'
18-Nov-2019 16:53:34.646 INFOS [http-nio-8080-exec-26] org.apache.catalina.core.ApplicationContext.log Manager: undeploy: Undeploying web application at '/Spotmimsfy'
18-Nov-2019 16:53:35.339 INFOS [http-nio-8080-exec-14] org.apache.catalina.core.ApplicationContext.log Manager: install: Installing context configuration at 'file:/C:/Users/amartin5/AppData/Local/Temp/context6221612676856918105.xml'
18-Nov-2019 16:53:39.011 INFOS [http-nio-8080-exec-20] org.apache.catalina.core.ApplicationContext.log Manager: start: Starting web application '/Spotmimsfy'
18-Nov-2019 16:58:08.696 INFOS [http-nio-8080-exec-34] org.apache.catalina.core.ApplicationContext.log Manager: list: Listing contexts for virtual host 'localhost'
18-Nov-2019 16:58:08.699 INFOS [http-nio-8080-exec-33] org.apache.catalina.core.ApplicationContext.log Manager: list: Listing contexts for virtual host 'localhost'
18-Nov-2019 16:58:08.714 INFOS [http-nio-8080-exec-35] org.apache.catalina.core.ApplicationContext.log Manager: undeploy: Undeploying web application at '/Spotmimsfy'
18-Nov-2019 16:58:11.453 INFOS [http-nio-8080-exec-30] org.apache.catalina.core.ApplicationContext.log Manager: install: Installing context configuration at 'file:/C:/Users/amartin5/AppData/Local/Temp/context8688140034602659396.xml'
18-Nov-2019 16:58:14.479 INFOS [http-nio-8080-exec-37] org.apache.catalina.core.ApplicationContext.log Manager: start: Starting web application '/Spotmimsfy'
18-Nov-2019 16:59:50.836 INFOS [http-nio-8080-exec-39] org.apache.catalina.core.ApplicationContext.log Manager: list: Listing contexts for virtual host 'localhost'
18-Nov-2019 16:59:50.838 INFOS [http-nio-8080-exec-40] org.apache.catalina.core.ApplicationContext.log Manager: list: Listing contexts for virtual host 'localhost'
18-Nov-2019 16:59:50.850 INFOS [http-nio-8080-exec-41] org.apache.catalina.core.ApplicationContext.log Manager: undeploy: Undeploying web application at '/Spotmimsfy'
18-Nov-2019 16:59:53.588 INFOS [http-nio-8080-exec-45] org.apache.catalina.core.ApplicationContext.log Manager: install: Installing context configuration at 'file:/C:/Users/amartin5/AppData/Local/Temp/context5253840500905508933.xml'
18-Nov-2019 16:59:56.710 INFOS [http-nio-8080-exec-39] org.apache.catalina.core.ApplicationContext.log Manager: start: Starting web application '/Spotmimsfy'
18-Nov-2019 17:00:54.940 INFOS [http-nio-8080-exec-36] org.apache.catalina.core.ApplicationContext.log Manager: list: Listing contexts for virtual host 'localhost'
18-Nov-2019 17:00:54.942 INFOS [http-nio-8080-exec-48] org.apache.catalina.core.ApplicationContext.log Manager: list: Listing contexts for virtual host 'localhost'
18-Nov-2019 17:00:54.958 INFOS [http-nio-8080-exec-40] org.apache.catalina.core.ApplicationContext.log Manager: undeploy: Undeploying web application at '/Spotmimsfy'
18-Nov-2019 17:00:55.093 INFOS [http-nio-8080-exec-41] org.apache.catalina.core.ApplicationContext.log Manager: list: Listing contexts for virtual host 'localhost'
18-Nov-2019 17:00:55.095 INFOS [http-nio-8080-exec-49] org.apache.catalina.core.ApplicationContext.log Manager: list: Listing contexts for virtual host 'localhost'
18-Nov-2019 17:00:55.561 INFOS [http-nio-8080-exec-32] org.apache.catalina.core.ApplicationContext.log Manager: undeploy: Undeploying web application at '/Spotmimsfy'
18-Nov-2019 17:00:55.598 INFOS [http-nio-8080-exec-48] org.apache.catalina.core.ApplicationContext.log Manager: install: Installing context configuration at 'file:/C:/Users/amartin5/AppData/Local/Temp/context8052467426621427267.xml'
18-Nov-2019 17:01:01.092 INFOS [http-nio-8080-exec-41] org.apache.catalina.core.ApplicationContext.log Manager: install: Installing context configuration at 'file:/C:/Users/amartin5/AppData/Local/Temp/context6921501457543988100.xml'
18-Nov-2019 17:01:01.094 INFOS [http-nio-8080-exec-47] org.apache.catalina.core.ApplicationContext.log Manager: start: Starting web application '/Spotmimsfy'
18-Nov-2019 17:01:11.779 INFOS [http-nio-8080-exec-53] org.apache.catalina.core.ApplicationContext.log Manager: list: Listing contexts for virtual host 'localhost'
18-Nov-2019 17:01:11.782 INFOS [http-nio-8080-exec-51] org.apache.catalina.core.ApplicationContext.log Manager: list: Listing contexts for virtual host 'localhost'
18-Nov-2019 17:01:11.795 INFOS [http-nio-8080-exec-32] org.apache.catalina.core.ApplicationContext.log Manager: undeploy: Undeploying web application at '/Spotmimsfy'
18-Nov-2019 17:01:12.366 INFOS [http-nio-8080-exec-46] org.apache.catalina.core.ApplicationContext.log Manager: install: Installing context configuration at 'file:/C:/Users/amartin5/AppData/Local/Temp/context8140383527893714775.xml'
18-Nov-2019 17:01:15.195 INFOS [http-nio-8080-exec-47] org.apache.catalina.core.ApplicationContext.log Manager: start: Starting web application '/Spotmimsfy'
18-Nov-2019 17:02:03.964 INFOS [http-nio-8080-exec-51] org.apache.catalina.core.ApplicationContext.log Manager: list: Listing contexts for virtual host 'localhost'
18-Nov-2019 17:02:04.095 INFOS [http-nio-8080-exec-52] org.apache.catalina.core.ApplicationContext.log Manager: restart: Reloading web application '/Spotmimsfy'
18-Nov-2019 17:02:17.748 INFOS [http-nio-8080-exec-59] org.apache.catalina.core.ApplicationContext.log Manager: list: Listing contexts for virtual host 'localhost'
18-Nov-2019 17:02:17.751 INFOS [http-nio-8080-exec-55] org.apache.catalina.core.ApplicationContext.log Manager: list: Listing contexts for virtual host 'localhost'
18-Nov-2019 17:02:17.766 INFOS [http-nio-8080-exec-53] org.apache.catalina.core.ApplicationContext.log Manager: undeploy: Undeploying web application at '/Spotmimsfy'
18-Nov-2019 17:02:18.369 INFOS [http-nio-8080-exec-59] org.apache.catalina.core.ApplicationContext.log Manager: install: Installing context configuration at 'file:/C:/Users/amartin5/AppData/Local/Temp/context338001619717758114.xml'
18-Nov-2019 17:02:21.370 INFOS [http-nio-8080-exec-55] org.apache.catalina.core.ApplicationContext.log Manager: start: Starting web application '/Spotmimsfy'
18-Nov-2019 17:03:03.480 INFOS [http-nio-8080-exec-60] org.apache.catalina.core.ApplicationContext.log Manager: list: Listing contexts for virtual host 'localhost'
18-Nov-2019 17:03:03.486 INFOS [http-nio-8080-exec-55] org.apache.catalina.core.ApplicationContext.log Manager: list: Listing contexts for virtual host 'localhost'
18-Nov-2019 17:03:03.514 INFOS [http-nio-8080-exec-47] org.apache.catalina.core.ApplicationContext.log Manager: undeploy: Undeploying web application at '/Spotmimsfy'
18-Nov-2019 17:03:06.405 INFOS [http-nio-8080-exec-60] org.apache.catalina.core.ApplicationContext.log Manager: install: Installing context configuration at 'file:/C:/Users/amartin5/AppData/Local/Temp/context1690663267949324687.xml'
18-Nov-2019 17:03:09.750 INFOS [http-nio-8080-exec-65] org.apache.catalina.core.ApplicationContext.log Manager: start: Starting web application '/Spotmimsfy'
18-Nov-2019 17:06:05.095 INFOS [http-nio-8080-exec-68] org.apache.catalina.core.ApplicationContext.log Manager: list: Listing contexts for virtual host 'localhost'
18-Nov-2019 17:06:57.768 INFOS [http-nio-8080-exec-74] org.apache.catalina.core.ApplicationContext.log Manager: list: Listing contexts for virtual host 'localhost'
18-Nov-2019 17:06:57.770 INFOS [http-nio-8080-exec-68] org.apache.catalina.core.ApplicationContext.log Manager: list: Listing contexts for virtual host 'localhost'
18-Nov-2019 17:06:57.783 INFOS [http-nio-8080-exec-69] org.apache.catalina.core.ApplicationContext.log Manager: undeploy: Undeploying web application at '/Spotmimsfy'
18-Nov-2019 17:06:58.369 INFOS [http-nio-8080-exec-68] org.apache.catalina.core.ApplicationContext.log Manager: install: Installing context configuration at 'file:/C:/Users/amartin5/AppData/Local/Temp/context6010396716101480617.xml'
18-Nov-2019 17:07:03.349 INFOS [http-nio-8080-exec-74] org.apache.catalina.core.ApplicationContext.log Manager: start: Starting web application '/Spotmimsfy'
18-Nov-2019 17:07:44.291 INFOS [http-nio-8080-exec-77] org.apache.catalina.core.ApplicationContext.log Manager: list: Listing contexts for virtual host 'localhost'
18-Nov-2019 17:07:45.478 INFOS [http-nio-8080-exec-76] org.apache.catalina.core.ApplicationContext.log Manager: list: Listing contexts for virtual host 'localhost'
18-Nov-2019 17:07:45.480 INFOS [http-nio-8080-exec-77] org.apache.catalina.core.ApplicationContext.log Manager: list: Listing contexts for virtual host 'localhost'
18-Nov-2019 17:07:45.493 INFOS [http-nio-8080-exec-70] org.apache.catalina.core.ApplicationContext.log Manager: undeploy: Undeploying web application at '/Spotmimsfy'
18-Nov-2019 17:07:46.090 INFOS [http-nio-8080-exec-73] org.apache.catalina.core.ApplicationContext.log Manager: install: Installing context configuration at 'file:/C:/Users/amartin5/AppData/Local/Temp/context7725664621554460598.xml'
18-Nov-2019 17:07:50.003 INFOS [http-nio-8080-exec-78] org.apache.catalina.core.ApplicationContext.log Manager: start: Starting web application '/Spotmimsfy'
18-Nov-2019 17:08:09.761 INFOS [http-nio-8080-exec-79] org.apache.catalina.core.ApplicationContext.log Manager: list: Listing contexts for virtual host 'localhost'
18-Nov-2019 17:09:48.307 INFOS [http-nio-8080-exec-84] org.apache.catalina.core.ApplicationContext.log Manager: list: Listing contexts for virtual host 'localhost'
18-Nov-2019 17:09:48.449 INFOS [http-nio-8080-exec-81] org.apache.catalina.core.ApplicationContext.log Manager: restart: Reloading web application '/Spotmimsfy'
18-Nov-2019 17:10:04.408 INFOS [http-nio-8080-exec-87] org.apache.catalina.core.ApplicationContext.log Manager: list: Listing contexts for virtual host 'localhost'
18-Nov-2019 17:10:04.410 INFOS [http-nio-8080-exec-86] org.apache.catalina.core.ApplicationContext.log Manager: list: Listing contexts for virtual host 'localhost'
18-Nov-2019 17:10:04.422 INFOS [http-nio-8080-exec-83] org.apache.catalina.core.ApplicationContext.log Manager: undeploy: Undeploying web application at '/Spotmimsfy'
18-Nov-2019 17:10:05.108 INFOS [http-nio-8080-exec-85] org.apache.catalina.core.ApplicationContext.log Manager: install: Installing context configuration at 'file:/C:/Users/amartin5/AppData/Local/Temp/context6815901061073206775.xml'
18-Nov-2019 17:10:09.235 INFOS [http-nio-8080-exec-84] org.apache.catalina.core.ApplicationContext.log Manager: start: Starting web application '/Spotmimsfy'
18-Nov-2019 17:11:11.846 INFOS [http-nio-8080-exec-89] org.apache.catalina.core.ApplicationContext.log Manager: list: Listing contexts for virtual host 'localhost'
18-Nov-2019 17:11:13.337 INFOS [http-nio-8080-exec-94] org.apache.catalina.core.ApplicationContext.log Manager: list: Listing contexts for virtual host 'localhost'
18-Nov-2019 17:11:13.339 INFOS [http-nio-8080-exec-89] org.apache.catalina.core.ApplicationContext.log Manager: list: Listing contexts for virtual host 'localhost'
18-Nov-2019 17:11:13.350 INFOS [http-nio-8080-exec-86] org.apache.catalina.core.ApplicationContext.log Manager: undeploy: Undeploying web application at '/Spotmimsfy'
18-Nov-2019 17:11:13.937 INFOS [http-nio-8080-exec-96] org.apache.catalina.core.ApplicationContext.log Manager: install: Installing context configuration at 'file:/C:/Users/amartin5/AppData/Local/Temp/context8738971376824929781.xml'
18-Nov-2019 17:11:17.931 INFOS [http-nio-8080-exec-94] org.apache.catalina.core.ApplicationContext.log Manager: start: Starting web application '/Spotmimsfy'
18-Nov-2019 17:14:07.819 INFOS [http-nio-8080-exec-98] org.apache.catalina.core.ApplicationContext.log Manager: list: Listing contexts for virtual host 'localhost'
18-Nov-2019 17:14:43.913 INFOS [http-nio-8080-exec-103] org.apache.catalina.core.ApplicationContext.log Manager: list: Listing contexts for virtual host 'localhost'
18-Nov-2019 17:14:44.051 INFOS [http-nio-8080-exec-104] org.apache.catalina.core.ApplicationContext.log Manager: restart: Reloading web application '/Spotmimsfy'
18-Nov-2019 17:16:11.699 INFOS [http-nio-8080-exec-107] org.apache.catalina.core.ApplicationContext.log Manager: list: Listing contexts for virtual host 'localhost'
18-Nov-2019 17:16:11.825 INFOS [http-nio-8080-exec-98] org.apache.catalina.core.ApplicationContext.log Manager: restart: Reloading web application '/Spotmimsfy'
18-Nov-2019 17:16:20.902 INFOS [http-nio-8080-exec-112] org.apache.catalina.core.ApplicationContext.log Manager: list: Listing contexts for virtual host 'localhost'
18-Nov-2019 17:16:53.713 INFOS [http-nio-8080-exec-107] org.apache.catalina.core.ApplicationContext.log Manager: list: Listing contexts for virtual host 'localhost'
18-Nov-2019 17:17:00.288 INFOS [http-nio-8080-exec-114] org.apache.catalina.core.ApplicationContext.log Manager: list: Listing contexts for virtual host 'localhost'
18-Nov-2019 17:17:01.836 INFOS [http-nio-8080-exec-112] org.apache.catalina.core.ApplicationContext.log Manager: list: Listing contexts for virtual host 'localhost'
18-Nov-2019 17:17:01.838 INFOS [http-nio-8080-exec-114] org.apache.catalina.core.ApplicationContext.log Manager: list: Listing contexts for virtual host 'localhost'
18-Nov-2019 17:17:01.853 INFOS [http-nio-8080-exec-97] org.apache.catalina.core.ApplicationContext.log Manager: undeploy: Undeploying web application at '/Spotmimsfy'
18-Nov-2019 17:17:02.436 INFOS [http-nio-8080-exec-111] org.apache.catalina.core.ApplicationContext.log Manager: install: Installing context configuration at 'file:/C:/Users/amartin5/AppData/Local/Temp/context2411970653915764316.xml'
18-Nov-2019 17:17:07.217 INFOS [http-nio-8080-exec-115] org.apache.catalina.core.ApplicationContext.log Manager: start: Starting web application '/Spotmimsfy'
18-Nov-2019 17:20:51.316 INFOS [http-nio-8080-exec-116] org.apache.catalina.core.ApplicationContext.log Manager: list: Listing contexts for virtual host 'localhost'
18-Nov-2019 17:22:08.828 INFOS [http-nio-8080-exec-121] org.apache.catalina.core.ApplicationContext.log Manager: list: Listing contexts for virtual host 'localhost'
18-Nov-2019 17:22:08.939 INFOS [http-nio-8080-exec-123] org.apache.catalina.core.ApplicationContext.log Manager: restart: Reloading web application '/Spotmimsfy'
18-Nov-2019 17:22:19.029 INFOS [http-nio-8080-exec-125] org.apache.catalina.core.ApplicationContext.log Manager: list: Listing contexts for virtual host 'localhost'
18-Nov-2019 17:22:19.031 INFOS [http-nio-8080-exec-116] org.apache.catalina.core.ApplicationContext.log Manager: list: Listing contexts for virtual host 'localhost'
18-Nov-2019 17:22:19.045 INFOS [http-nio-8080-exec-118] org.apache.catalina.core.ApplicationContext.log Manager: undeploy: Undeploying web application at '/Spotmimsfy'
18-Nov-2019 17:22:19.667 INFOS [http-nio-8080-exec-120] org.apache.catalina.core.ApplicationContext.log Manager: install: Installing context configuration at 'file:/C:/Users/amartin5/AppData/Local/Temp/context7747202848340500432.xml'
18-Nov-2019 17:22:22.978 INFOS [http-nio-8080-exec-116] org.apache.catalina.core.ApplicationContext.log Manager: start: Starting web application '/Spotmimsfy'
18-Nov-2019 17:23:08.770 INFOS [http-nio-8080-exec-122] org.apache.catalina.core.ApplicationContext.log Manager: list: Listing contexts for virtual host 'localhost'
18-Nov-2019 17:23:08.772 INFOS [http-nio-8080-exec-130] org.apache.catalina.core.ApplicationContext.log Manager: list: Listing contexts for virtual host 'localhost'
18-Nov-2019 17:23:08.786 INFOS [http-nio-8080-exec-118] org.apache.catalina.core.ApplicationContext.log Manager: undeploy: Undeploying web application at '/Spotmimsfy'
18-Nov-2019 17:23:09.392 INFOS [http-nio-8080-exec-122] org.apache.catalina.core.ApplicationContext.log Manager: install: Installing context configuration at 'file:/C:/Users/amartin5/AppData/Local/Temp/context7373491296750718690.xml'
18-Nov-2019 17:23:13.488 INFOS [http-nio-8080-exec-116] org.apache.catalina.core.ApplicationContext.log Manager: start: Starting web application '/Spotmimsfy'
18-Nov-2019 17:25:37.476 INFOS [http-nio-8080-exec-134] org.apache.catalina.core.ApplicationContext.log Manager: list: Listing contexts for virtual host 'localhost'
18-Nov-2019 17:25:37.478 INFOS [http-nio-8080-exec-136] org.apache.catalina.core.ApplicationContext.log Manager: list: Listing contexts for virtual host 'localhost'
18-Nov-2019 17:25:37.490 INFOS [http-nio-8080-exec-137] org.apache.catalina.core.ApplicationContext.log Manager: undeploy: Undeploying web application at '/Spotmimsfy'
18-Nov-2019 17:25:38.222 INFOS [http-nio-8080-exec-134] org.apache.catalina.core.ApplicationContext.log Manager: install: Installing context configuration at 'file:/C:/Users/amartin5/AppData/Local/Temp/context8945766349310397378.xml'
18-Nov-2019 17:25:42.399 INFOS [http-nio-8080-exec-135] org.apache.catalina.core.ApplicationContext.log Manager: start: Starting web application '/Spotmimsfy'
18-Nov-2019 17:28:48.659 INFOS [http-nio-8080-exec-144] org.apache.catalina.core.ApplicationContext.log Manager: list: Listing contexts for virtual host 'localhost'
18-Nov-2019 17:28:48.661 INFOS [http-nio-8080-exec-145] org.apache.catalina.core.ApplicationContext.log Manager: list: Listing contexts for virtual host 'localhost'
18-Nov-2019 17:28:48.673 INFOS [http-nio-8080-exec-151] org.apache.catalina.core.ApplicationContext.log Manager: undeploy: Undeploying web application at '/Spotmimsfy'
18-Nov-2019 17:28:49.304 INFOS [http-nio-8080-exec-145] org.apache.catalina.core.ApplicationContext.log Manager: install: Installing context configuration at 'file:/C:/Users/amartin5/AppData/Local/Temp/context7885894447849290922.xml'
18-Nov-2019 17:28:53.523 INFOS [http-nio-8080-exec-150] org.apache.catalina.core.ApplicationContext.log Manager: start: Starting web application '/Spotmimsfy'
18-Nov-2019 17:29:07.867 INFOS [http-nio-8080-exec-149] org.apache.catalina.core.ApplicationContext.log Manager: list: Listing contexts for virtual host 'localhost'
18-Nov-2019 17:29:07.869 INFOS [http-nio-8080-exec-152] org.apache.catalina.core.ApplicationContext.log Manager: list: Listing contexts for virtual host 'localhost'
18-Nov-2019 17:29:07.881 INFOS [http-nio-8080-exec-146] org.apache.catalina.core.ApplicationContext.log Manager: undeploy: Undeploying web application at '/Spotmimsfy'
18-Nov-2019 17:29:08.603 INFOS [http-nio-8080-exec-159] org.apache.catalina.core.ApplicationContext.log Manager: install: Installing context configuration at 'file:/C:/Users/amartin5/AppData/Local/Temp/context3977666792508234629.xml'
18-Nov-2019 17:29:13.055 INFOS [http-nio-8080-exec-156] org.apache.catalina.core.ApplicationContext.log Manager: start: Starting web application '/Spotmimsfy'
18-Nov-2019 17:32:50.438 INFOS [http-nio-8080-exec-169] org.apache.catalina.core.ApplicationContext.log Manager: list: Listing contexts for virtual host 'localhost'
18-Nov-2019 17:32:50.440 INFOS [http-nio-8080-exec-164] org.apache.catalina.core.ApplicationContext.log Manager: list: Listing contexts for virtual host 'localhost'
18-Nov-2019 17:32:50.453 INFOS [http-nio-8080-exec-166] org.apache.catalina.core.ApplicationContext.log Manager: undeploy: Undeploying web application at '/Spotmimsfy'
18-Nov-2019 17:32:50.563 INFOS [http-nio-8080-exec-162] org.apache.catalina.core.ApplicationContext.log Manager: list: Listing contexts for virtual host 'localhost'
18-Nov-2019 17:32:50.565 INFOS [http-nio-8080-exec-160] org.apache.catalina.core.ApplicationContext.log Manager: list: Listing contexts for virtual host 'localhost'
18-Nov-2019 17:32:51.056 INFOS [http-nio-8080-exec-164] org.apache.catalina.core.ApplicationContext.log Manager: undeploy: Undeploying web application at '/Spotmimsfy'
18-Nov-2019 17:32:51.081 INFOS [http-nio-8080-exec-169] org.apache.catalina.core.ApplicationContext.log Manager: install: Installing context configuration at 'file:/C:/Users/amartin5/AppData/Local/Temp/context991202157195634771.xml'
18-Nov-2019 17:32:55.416 INFOS [http-nio-8080-exec-165] org.apache.catalina.core.ApplicationContext.log Manager: install: Installing context configuration at 'file:/C:/Users/amartin5/AppData/Local/Temp/context5849937153690017653.xml'
18-Nov-2019 17:32:55.418 INFOS [http-nio-8080-exec-168] org.apache.catalina.core.ApplicationContext.log Manager: start: Starting web application '/Spotmimsfy'
18-Nov-2019 17:33:32.930 INFOS [http-nio-8080-exec-165] org.apache.catalina.core.ApplicationContext.log Manager: list: Listing contexts for virtual host 'localhost'
18-Nov-2019 17:33:32.932 INFOS [http-nio-8080-exec-171] org.apache.catalina.core.ApplicationContext.log Manager: list: Listing contexts for virtual host 'localhost'
18-Nov-2019 17:33:32.946 INFOS [http-nio-8080-exec-168] org.apache.catalina.core.ApplicationContext.log Manager: undeploy: Undeploying web application at '/Spotmimsfy'
18-Nov-2019 17:33:33.546 INFOS [http-nio-8080-exec-161] org.apache.catalina.core.ApplicationContext.log Manager: install: Installing context configuration at 'file:/C:/Users/amartin5/AppData/Local/Temp/context7041108829102827150.xml'
18-Nov-2019 17:33:38.031 INFOS [http-nio-8080-exec-170] org.apache.catalina.core.ApplicationContext.log Manager: start: Starting web application '/Spotmimsfy'
18-Nov-2019 17:34:37.464 INFOS [http-nio-8080-exec-177] org.apache.catalina.core.ApplicationContext.log Manager: list: Listing contexts for virtual host 'localhost'
18-Nov-2019 17:34:37.466 INFOS [http-nio-8080-exec-178] org.apache.catalina.core.ApplicationContext.log Manager: list: Listing contexts for virtual host 'localhost'
18-Nov-2019 17:34:37.478 INFOS [http-nio-8080-exec-179] org.apache.catalina.core.ApplicationContext.log Manager: undeploy: Undeploying web application at '/Spotmimsfy'
18-Nov-2019 17:34:38.190 INFOS [http-nio-8080-exec-177] org.apache.catalina.core.ApplicationContext.log Manager: install: Installing context configuration at 'file:/C:/Users/amartin5/AppData/Local/Temp/context7012925812820639691.xml'
18-Nov-2019 17:34:41.389 INFOS [http-nio-8080-exec-182] org.apache.catalina.core.ApplicationContext.log Manager: start: Starting web application '/Spotmimsfy'
18-Nov-2019 17:35:10.258 INFOS [http-nio-8080-exec-179] org.apache.catalina.core.ApplicationContext.log Manager: list: Listing contexts for virtual host 'localhost'
18-Nov-2019 17:35:12.937 INFOS [http-nio-8080-exec-179] org.apache.catalina.core.ApplicationContext.log Manager: list: Listing contexts for virtual host 'localhost'
18-Nov-2019 17:35:12.939 INFOS [http-nio-8080-exec-183] org.apache.catalina.core.ApplicationContext.log Manager: list: Listing contexts for virtual host 'localhost'
18-Nov-2019 17:35:12.951 INFOS [http-nio-8080-exec-182] org.apache.catalina.core.ApplicationContext.log Manager: undeploy: Undeploying web application at '/Spotmimsfy'
18-Nov-2019 17:35:13.669 INFOS [http-nio-8080-exec-187] org.apache.catalina.core.ApplicationContext.log Manager: install: Installing context configuration at 'file:/C:/Users/amartin5/AppData/Local/Temp/context258794784682600427.xml'
18-Nov-2019 17:35:17.609 INFOS [http-nio-8080-exec-175] org.apache.catalina.core.ApplicationContext.log Manager: start: Starting web application '/Spotmimsfy'
18-Nov-2019 17:35:34.385 INFOS [http-nio-8080-exec-183] org.apache.catalina.core.ApplicationContext.log Manager: list: Listing contexts for virtual host 'localhost'
18-Nov-2019 17:35:51.504 INFOS [http-nio-8080-exec-183] org.apache.catalina.core.ApplicationContext.log Manager: list: Listing contexts for virtual host 'localhost'
18-Nov-2019 17:35:51.506 INFOS [http-nio-8080-exec-189] org.apache.catalina.core.ApplicationContext.log Manager: list: Listing contexts for virtual host 'localhost'
18-Nov-2019 17:35:51.519 INFOS [http-nio-8080-exec-192] org.apache.catalina.core.ApplicationContext.log Manager: undeploy: Undeploying web application at '/Spotmimsfy'
18-Nov-2019 17:35:52.144 INFOS [http-nio-8080-exec-178] org.apache.catalina.core.ApplicationContext.log Manager: install: Installing context configuration at 'file:/C:/Users/amartin5/AppData/Local/Temp/context1310991815489873451.xml'
18-Nov-2019 17:35:56.377 INFOS [http-nio-8080-exec-193] org.apache.catalina.core.ApplicationContext.log Manager: start: Starting web application '/Spotmimsfy'
18-Nov-2019 17:37:18.467 INFOS [http-nio-8080-exec-195] org.apache.catalina.core.ApplicationContext.log Manager: list: Listing contexts for virtual host 'localhost'
18-Nov-2019 17:37:32.680 INFOS [http-nio-8080-exec-200] org.apache.catalina.core.ApplicationContext.log Manager: list: Listing contexts for virtual host 'localhost'
18-Nov-2019 17:38:01.181 INFOS [http-nio-8080-exec-200] org.apache.catalina.core.ApplicationContext.log Manager: list: Listing contexts for virtual host 'localhost'
18-Nov-2019 17:38:01.183 INFOS [http-nio-8080-exec-201] org.apache.catalina.core.ApplicationContext.log Manager: list: Listing contexts for virtual host 'localhost'
18-Nov-2019 17:38:01.198 INFOS [http-nio-8080-exec-194] org.apache.catalina.core.ApplicationContext.log Manager: undeploy: Undeploying web application at '/Spotmimsfy'
18-Nov-2019 17:38:01.816 INFOS [http-nio-8080-exec-196] org.apache.catalina.core.ApplicationContext.log Manager: install: Installing context configuration at 'file:/C:/Users/amartin5/AppData/Local/Temp/context4808782081276179983.xml'
18-Nov-2019 17:38:06.018 INFOS [http-nio-8080-exec-202] org.apache.catalina.core.ApplicationContext.log Manager: start: Starting web application '/Spotmimsfy'
18-Nov-2019 17:38:47.829 INFOS [http-nio-8080-exec-200] org.apache.catalina.core.ApplicationContext.log Manager: list: Listing contexts for virtual host 'localhost'
18-Nov-2019 17:38:48.684 INFOS [http-nio-8080-exec-200] org.apache.catalina.core.ApplicationContext.log Manager: list: Listing contexts for virtual host 'localhost'
18-Nov-2019 17:38:48.686 INFOS [http-nio-8080-exec-206] org.apache.catalina.core.ApplicationContext.log Manager: list: Listing contexts for virtual host 'localhost'
18-Nov-2019 17:38:48.698 INFOS [http-nio-8080-exec-197] org.apache.catalina.core.ApplicationContext.log Manager: undeploy: Undeploying web application at '/Spotmimsfy'
18-Nov-2019 17:38:49.362 INFOS [http-nio-8080-exec-204] org.apache.catalina.core.ApplicationContext.log Manager: install: Installing context configuration at 'file:/C:/Users/amartin5/AppData/Local/Temp/context8312467177231160084.xml'
18-Nov-2019 17:38:53.614 INFOS [http-nio-8080-exec-198] org.apache.catalina.core.ApplicationContext.log Manager: start: Starting web application '/Spotmimsfy'
18-Nov-2019 17:39:22.420 INFOS [http-nio-8080-exec-210] org.apache.catalina.core.ApplicationContext.log Manager: list: Listing contexts for virtual host 'localhost'
18-Nov-2019 17:39:23.815 INFOS [http-nio-8080-exec-198] org.apache.catalina.core.ApplicationContext.log Manager: list: Listing contexts for virtual host 'localhost'
18-Nov-2019 17:39:23.816 INFOS [http-nio-8080-exec-211] org.apache.catalina.core.ApplicationContext.log Manager: list: Listing contexts for virtual host 'localhost'
18-Nov-2019 17:39:23.827 INFOS [http-nio-8080-exec-208] org.apache.catalina.core.ApplicationContext.log Manager: undeploy: Undeploying web application at '/Spotmimsfy'
18-Nov-2019 17:39:24.447 INFOS [http-nio-8080-exec-211] org.apache.catalina.core.ApplicationContext.log Manager: install: Installing context configuration at 'file:/C:/Users/amartin5/AppData/Local/Temp/context8934080929512441458.xml'
18-Nov-2019 17:39:27.853 INFOS [http-nio-8080-exec-212] org.apache.catalina.core.ApplicationContext.log Manager: start: Starting web application '/Spotmimsfy'
18-Nov-2019 17:40:15.807 INFOS [http-nio-8080-exec-221] org.apache.catalina.core.ApplicationContext.log Manager: list: Listing contexts for virtual host 'localhost'
18-Nov-2019 17:40:19.835 INFOS [http-nio-8080-exec-221] org.apache.catalina.core.ApplicationContext.log Manager: list: Listing contexts for virtual host 'localhost'
18-Nov-2019 17:40:19.837 INFOS [http-nio-8080-exec-216] org.apache.catalina.core.ApplicationContext.log Manager: list: Listing contexts for virtual host 'localhost'
18-Nov-2019 17:40:19.849 INFOS [http-nio-8080-exec-212] org.apache.catalina.core.ApplicationContext.log Manager: undeploy: Undeploying web application at '/Spotmimsfy'
18-Nov-2019 17:40:20.498 INFOS [http-nio-8080-exec-221] org.apache.catalina.core.ApplicationContext.log Manager: install: Installing context configuration at 'file:/C:/Users/amartin5/AppData/Local/Temp/context6040830188417785738.xml'
18-Nov-2019 17:40:24.332 INFOS [http-nio-8080-exec-211] org.apache.catalina.core.ApplicationContext.log Manager: start: Starting web application '/Spotmimsfy'
18-Nov-2019 17:41:48.530 INFOS [http-nio-8080-exec-224] org.apache.catalina.core.ApplicationContext.log Manager: list: Listing contexts for virtual host 'localhost'
18-Nov-2019 17:44:46.732 INFOS [http-nio-8080-exec-229] org.apache.catalina.core.ApplicationContext.log Manager: list: Listing contexts for virtual host 'localhost'
18-Nov-2019 17:44:49.145 INFOS [http-nio-8080-exec-230] org.apache.catalina.core.ApplicationContext.log Manager: list: Listing contexts for virtual host 'localhost'
18-Nov-2019 17:44:49.147 INFOS [http-nio-8080-exec-223] org.apache.catalina.core.ApplicationContext.log Manager: list: Listing contexts for virtual host 'localhost'
18-Nov-2019 17:44:49.158 INFOS [http-nio-8080-exec-226] org.apache.catalina.core.ApplicationContext.log Manager: undeploy: Undeploying web application at '/Spotmimsfy'
18-Nov-2019 17:44:49.783 INFOS [http-nio-8080-exec-231] org.apache.catalina.core.ApplicationContext.log Manager: install: Installing context configuration at 'file:/C:/Users/amartin5/AppData/Local/Temp/context6688863195096056426.xml'
18-Nov-2019 17:44:53.828 INFOS [http-nio-8080-exec-223] org.apache.catalina.core.ApplicationContext.log Manager: start: Starting web application '/Spotmimsfy'
18-Nov-2019 17:46:36.760 INFOS [http-nio-8080-exec-235] org.apache.catalina.core.ApplicationContext.log Manager: list: Listing contexts for virtual host 'localhost'
18-Nov-2019 17:46:39.794 INFOS [http-nio-8080-exec-240] org.apache.catalina.core.ApplicationContext.log Manager: list: Listing contexts for virtual host 'localhost'
18-Nov-2019 17:46:41.483 INFOS [http-nio-8080-exec-241] org.apache.catalina.core.ApplicationContext.log Manager: list: Listing contexts for virtual host 'localhost'
18-Nov-2019 17:46:41.485 INFOS [http-nio-8080-exec-239] org.apache.catalina.core.ApplicationContext.log Manager: list: Listing contexts for virtual host 'localhost'
18-Nov-2019 17:46:41.499 INFOS [http-nio-8080-exec-242] org.apache.catalina.core.ApplicationContext.log Manager: undeploy: Undeploying web application at '/Spotmimsfy'
18-Nov-2019 17:46:42.151 INFOS [http-nio-8080-exec-233] org.apache.catalina.core.ApplicationContext.log Manager: install: Installing context configuration at 'file:/C:/Users/amartin5/AppData/Local/Temp/context8663894520430625792.xml'
18-Nov-2019 17:46:46.223 INFOS [http-nio-8080-exec-236] org.apache.catalina.core.ApplicationContext.log Manager: start: Starting web application '/Spotmimsfy'
18-Nov-2019 17:48:26.545 INFOS [http-nio-8080-exec-244] org.apache.catalina.core.ApplicationContext.log Manager: list: Listing contexts for virtual host 'localhost'
18-Nov-2019 17:48:29.300 INFOS [http-nio-8080-exec-244] org.apache.catalina.core.ApplicationContext.log Manager: list: Listing contexts for virtual host 'localhost'
18-Nov-2019 17:48:29.301 INFOS [http-nio-8080-exec-245] org.apache.catalina.core.ApplicationContext.log Manager: list: Listing contexts for virtual host 'localhost'
18-Nov-2019 17:48:29.312 INFOS [http-nio-8080-exec-246] org.apache.catalina.core.ApplicationContext.log Manager: undeploy: Undeploying web application at '/Spotmimsfy'
18-Nov-2019 17:48:29.937 INFOS [http-nio-8080-exec-251] org.apache.catalina.core.ApplicationContext.log Manager: install: Installing context configuration at 'file:/C:/Users/amartin5/AppData/Local/Temp/context6293295975609556991.xml'
18-Nov-2019 17:48:34.237 INFOS [http-nio-8080-exec-250] org.apache.catalina.core.ApplicationContext.log Manager: start: Starting web application '/Spotmimsfy'
18-Nov-2019 17:50:40.034 INFOS [http-nio-8080-exec-253] org.apache.catalina.core.ApplicationContext.log Manager: list: Listing contexts for virtual host 'localhost'
18-Nov-2019 17:50:41.181 INFOS [http-nio-8080-exec-261] org.apache.catalina.core.ApplicationContext.log Manager: list: Listing contexts for virtual host 'localhost'
18-Nov-2019 17:50:41.183 INFOS [http-nio-8080-exec-262] org.apache.catalina.core.ApplicationContext.log Manager: list: Listing contexts for virtual host 'localhost'
18-Nov-2019 17:50:41.195 INFOS [http-nio-8080-exec-253] org.apache.catalina.core.ApplicationContext.log Manager: undeploy: Undeploying web application at '/Spotmimsfy'
18-Nov-2019 17:50:41.823 INFOS [http-nio-8080-exec-254] org.apache.catalina.core.ApplicationContext.log Manager: install: Installing context configuration at 'file:/C:/Users/amartin5/AppData/Local/Temp/context2925373038363374176.xml'
18-Nov-2019 17:50:45.837 INFOS [http-nio-8080-exec-259] org.apache.catalina.core.ApplicationContext.log Manager: start: Starting web application '/Spotmimsfy'
18-Nov-2019 17:52:29.874 INFOS [http-nio-8080-exec-264] org.apache.catalina.core.ApplicationContext.log Manager: list: Listing contexts for virtual host 'localhost'
18-Nov-2019 17:52:30.970 INFOS [http-nio-8080-exec-264] org.apache.catalina.core.ApplicationContext.log Manager: list: Listing contexts for virtual host 'localhost'
18-Nov-2019 17:52:30.972 INFOS [http-nio-8080-exec-266] org.apache.catalina.core.ApplicationContext.log Manager: list: Listing contexts for virtual host 'localhost'
18-Nov-2019 17:52:30.985 INFOS [http-nio-8080-exec-265] org.apache.catalina.core.ApplicationContext.log Manager: undeploy: Undeploying web application at '/Spotmimsfy'
18-Nov-2019 17:52:31.607 INFOS [http-nio-8080-exec-272] org.apache.catalina.core.ApplicationContext.log Manager: install: Installing context configuration at 'file:/C:/Users/amartin5/AppData/Local/Temp/context7478683171900616136.xml'
18-Nov-2019 17:52:36.237 INFOS [http-nio-8080-exec-263] org.apache.catalina.core.ApplicationContext.log Manager: start: Starting web application '/Spotmimsfy'
18-Nov-2019 17:54:08.633 INFOS [http-nio-8080-exec-273] org.apache.catalina.core.ApplicationContext.log Manager: list: Listing contexts for virtual host 'localhost'
18-Nov-2019 17:54:36.881 INFOS [http-nio-8080-exec-279] org.apache.catalina.core.ApplicationContext.log Manager: list: Listing contexts for virtual host 'localhost'
18-Nov-2019 17:54:39.699 INFOS [http-nio-8080-exec-281] org.apache.catalina.core.ApplicationContext.log Manager: list: Listing contexts for virtual host 'localhost'
18-Nov-2019 17:54:39.701 INFOS [http-nio-8080-exec-282] org.apache.catalina.core.ApplicationContext.log Manager: list: Listing contexts for virtual host 'localhost'
18-Nov-2019 17:54:39.713 INFOS [http-nio-8080-exec-274] org.apache.catalina.core.ApplicationContext.log Manager: undeploy: Undeploying web application at '/Spotmimsfy'
18-Nov-2019 17:54:40.329 INFOS [http-nio-8080-exec-276] org.apache.catalina.core.ApplicationContext.log Manager: install: Installing context configuration at 'file:/C:/Users/amartin5/AppData/Local/Temp/context8708153939179795244.xml'
18-Nov-2019 17:54:44.298 INFOS [http-nio-8080-exec-277] org.apache.catalina.core.ApplicationContext.log Manager: start: Starting web application '/Spotmimsfy'
18-Nov-2019 17:59:28.910 INFOS [http-nio-8080-exec-285] org.apache.catalina.core.ApplicationContext.log Manager: list: Listing contexts for virtual host 'localhost'
18-Nov-2019 17:59:30.898 INFOS [http-nio-8080-exec-285] org.apache.catalina.core.ApplicationContext.log Manager: list: Listing contexts for virtual host 'localhost'
18-Nov-2019 17:59:30.899 INFOS [http-nio-8080-exec-287] org.apache.catalina.core.ApplicationContext.log Manager: list: Listing contexts for virtual host 'localhost'
18-Nov-2019 17:59:30.910 INFOS [http-nio-8080-exec-286] org.apache.catalina.core.ApplicationContext.log Manager: undeploy: Undeploying web application at '/Spotmimsfy'
18-Nov-2019 17:59:31.523 INFOS [http-nio-8080-exec-289] org.apache.catalina.core.ApplicationContext.log Manager: install: Installing context configuration at 'file:/C:/Users/amartin5/AppData/Local/Temp/context4319407342676191010.xml'
18-Nov-2019 17:59:35.448 INFOS [http-nio-8080-exec-292] org.apache.catalina.core.ApplicationContext.log Manager: start: Starting web application '/Spotmimsfy'
18-Nov-2019 18:00:07.577 INFOS [http-nio-8080-exec-293] org.apache.catalina.core.ApplicationContext.log Manager: list: Listing contexts for virtual host 'localhost'
18-Nov-2019 18:02:00.841 INFOS [http-nio-8080-exec-297] org.apache.catalina.core.ApplicationContext.log Manager: list: Listing contexts for virtual host 'localhost'
18-Nov-2019 18:02:02.841 INFOS [http-nio-8080-exec-296] org.apache.catalina.core.ApplicationContext.log Manager: list: Listing contexts for virtual host 'localhost'
18-Nov-2019 18:02:02.843 INFOS [http-nio-8080-exec-297] org.apache.catalina.core.ApplicationContext.log Manager: list: Listing contexts for virtual host 'localhost'
18-Nov-2019 18:02:02.855 INFOS [http-nio-8080-exec-298] org.apache.catalina.core.ApplicationContext.log Manager: undeploy: Undeploying web application at '/Spotmimsfy'
18-Nov-2019 18:02:03.493 INFOS [http-nio-8080-exec-301] org.apache.catalina.core.ApplicationContext.log Manager: install: Installing context configuration at 'file:/C:/Users/amartin5/AppData/Local/Temp/context4007506753298425994.xml'
18-Nov-2019 18:02:07.565 INFOS [http-nio-8080-exec-300] org.apache.catalina.core.ApplicationContext.log Manager: start: Starting web application '/Spotmimsfy'
18-Nov-2019 18:02:42.707 INFOS [http-nio-8080-exec-293] org.apache.catalina.core.ApplicationContext.log Manager: list: Listing contexts for virtual host 'localhost'
18-Nov-2019 18:02:46.945 INFOS [http-nio-8080-exec-308] org.apache.catalina.core.ApplicationContext.log Manager: list: Listing contexts for virtual host 'localhost'
18-Nov-2019 18:02:46.946 INFOS [http-nio-8080-exec-302] org.apache.catalina.core.ApplicationContext.log Manager: list: Listing contexts for virtual host 'localhost'
18-Nov-2019 18:02:46.958 INFOS [http-nio-8080-exec-304] org.apache.catalina.core.ApplicationContext.log Manager: undeploy: Undeploying web application at '/Spotmimsfy'
18-Nov-2019 18:02:47.575 INFOS [http-nio-8080-exec-307] org.apache.catalina.core.ApplicationContext.log Manager: install: Installing context configuration at 'file:/C:/Users/amartin5/AppData/Local/Temp/context2837467091994865340.xml'
18-Nov-2019 18:02:51.875 INFOS [http-nio-8080-exec-305] org.apache.catalina.core.ApplicationContext.log Manager: start: Starting web application '/Spotmimsfy'
18-Nov-2019 18:03:05.052 INFOS [http-nio-8080-exec-304] org.apache.catalina.core.ApplicationContext.log Manager: list: Listing contexts for virtual host 'localhost'
18-Nov-2019 18:03:29.192 INFOS [http-nio-8080-exec-314] org.apache.catalina.core.ApplicationContext.log Manager: list: Listing contexts for virtual host 'localhost'
18-Nov-2019 18:03:31.663 INFOS [http-nio-8080-exec-315] org.apache.catalina.core.ApplicationContext.log Manager: list: Listing contexts for virtual host 'localhost'
18-Nov-2019 18:03:31.665 INFOS [http-nio-8080-exec-304] org.apache.catalina.core.ApplicationContext.log Manager: list: Listing contexts for virtual host 'localhost'
18-Nov-2019 18:03:31.676 INFOS [http-nio-8080-exec-310] org.apache.catalina.core.ApplicationContext.log Manager: undeploy: Undeploying web application at '/Spotmimsfy'
18-Nov-2019 18:03:32.293 INFOS [http-nio-8080-exec-311] org.apache.catalina.core.ApplicationContext.log Manager: install: Installing context configuration at 'file:/C:/Users/amartin5/AppData/Local/Temp/context149409732031933038.xml'
18-Nov-2019 18:03:37.440 INFOS [http-nio-8080-exec-295] org.apache.catalina.core.ApplicationContext.log Manager: start: Starting web application '/Spotmimsfy'
18-Nov-2019 18:04:01.998 INFOS [http-nio-8080-exec-310] org.apache.catalina.core.ApplicationContext.log Manager: list: Listing contexts for virtual host 'localhost'
18-Nov-2019 18:04:28.137 INFOS [http-nio-8080-exec-320] org.apache.catalina.core.ApplicationContext.log Manager: list: Listing contexts for virtual host 'localhost'
18-Nov-2019 18:04:29.099 INFOS [http-nio-8080-exec-321] org.apache.catalina.core.ApplicationContext.log Manager: list: Listing contexts for virtual host 'localhost'
18-Nov-2019 18:04:29.100 INFOS [http-nio-8080-exec-323] org.apache.catalina.core.ApplicationContext.log Manager: list: Listing contexts for virtual host 'localhost'
18-Nov-2019 18:04:29.114 INFOS [http-nio-8080-exec-310] org.apache.catalina.core.ApplicationContext.log Manager: undeploy: Undeploying web application at '/Spotmimsfy'
18-Nov-2019 18:04:29.759 INFOS [http-nio-8080-exec-317] org.apache.catalina.core.ApplicationContext.log Manager: install: Installing context configuration at 'file:/C:/Users/amartin5/AppData/Local/Temp/context2390139784576337403.xml'
18-Nov-2019 18:04:33.687 INFOS [http-nio-8080-exec-315] org.apache.catalina.core.ApplicationContext.log Manager: start: Starting web application '/Spotmimsfy'
18-Nov-2019 18:06:44.788 INFOS [http-nio-8080-exec-325] org.apache.catalina.core.ApplicationContext.log Manager: list: Listing contexts for virtual host 'localhost'
18-Nov-2019 18:06:48.556 INFOS [http-nio-8080-exec-334] org.apache.catalina.core.ApplicationContext.log Manager: list: Listing contexts for virtual host 'localhost'
18-Nov-2019 18:06:48.558 INFOS [http-nio-8080-exec-325] org.apache.catalina.core.ApplicationContext.log Manager: list: Listing contexts for virtual host 'localhost'
18-Nov-2019 18:06:48.570 INFOS [http-nio-8080-exec-326] org.apache.catalina.core.ApplicationContext.log Manager: undeploy: Undeploying web application at '/Spotmimsfy'
18-Nov-2019 18:06:49.185 INFOS [http-nio-8080-exec-329] org.apache.catalina.core.ApplicationContext.log Manager: install: Installing context configuration at 'file:/C:/Users/amartin5/AppData/Local/Temp/context6152345999814840922.xml'
18-Nov-2019 18:06:53.391 INFOS [http-nio-8080-exec-332] org.apache.catalina.core.ApplicationContext.log Manager: start: Starting web application '/Spotmimsfy'
18-Nov-2019 18:07:39.121 INFOS [http-nio-8080-exec-335] org.apache.catalina.core.ApplicationContext.log Manager: list: Listing contexts for virtual host 'localhost'
18-Nov-2019 18:07:49.357 INFOS [http-nio-8080-exec-337] org.apache.catalina.core.ApplicationContext.log Manager: list: Listing contexts for virtual host 'localhost'
18-Nov-2019 18:07:49.358 INFOS [http-nio-8080-exec-342] org.apache.catalina.core.ApplicationContext.log Manager: list: Listing contexts for virtual host 'localhost'
18-Nov-2019 18:07:49.370 INFOS [http-nio-8080-exec-338] org.apache.catalina.core.ApplicationContext.log Manager: undeploy: Undeploying web application at '/Spotmimsfy'
18-Nov-2019 18:07:49.971 INFOS [http-nio-8080-exec-339] org.apache.catalina.core.ApplicationContext.log Manager: install: Installing context configuration at 'file:/C:/Users/amartin5/AppData/Local/Temp/context4607858608326227611.xml'
18-Nov-2019 18:07:54.426 INFOS [http-nio-8080-exec-342] org.apache.catalina.core.ApplicationContext.log Manager: start: Starting web application '/Spotmimsfy'
